#
# There is insufficient memory for the Java Runtime Environment to continue.
# Native memory allocation (mmap) failed to map 9437184 bytes for G1 virtual space
# Possible reasons:
#   The system is out of physical RAM or swap space
#   The process is running with CompressedOops enabled, and the Java Heap may be blocking the growth of the native heap
# Possible solutions:
#   Reduce memory load on the system
#   Increase physical memory or swap space
#   Check if swap backing store is full
#   Decrease Java heap size (-Xmx/-Xms)
#   Decrease number of Java threads
#   Decrease Java thread stack sizes (-Xss)
#   Set larger code cache with -XX:ReservedCodeCacheSize=
#   JVM is running with Unscaled Compressed Oops mode in which the Java heap is
#     placed in the first 4GB address space. The Java Heap base address is the
#     maximum limit for the native heap growth. Please use -XX:HeapBaseMinAddress
#     to set the Java Heap base and to place the Java Heap above 4GB virtual address.
# This output file may be truncated or incomplete.
#
#  Out of Memory Error (os_windows.cpp:3825), pid=5344, tid=15768
#
# JRE version: OpenJDK Runtime Environment (17.0.9) (build 17.0.9+0--11185874)
# Java VM: OpenJDK 64-Bit Server VM (17.0.9+0--11185874, mixed mode, tiered, compressed oops, compressed class ptrs, g1 gc, windows-amd64)
# No core dump will be written. Minidumps are not enabled by default on client versions of Windows
#

---------------  S U M M A R Y ------------

Command Line: --add-opens=java.base/java.util=ALL-UNNAMED --add-opens=java.base/java.lang=ALL-UNNAMED --add-opens=java.base/java.lang.invoke=ALL-UNNAMED --add-opens=java.prefs/java.util.prefs=ALL-UNNAMED --add-opens=java.base/java.nio.charset=ALL-UNNAMED --add-opens=java.base/java.net=ALL-UNNAMED --add-opens=java.base/java.util.concurrent.atomic=ALL-UNNAMED -Xmx2048m -Dfile.encoding=UTF-8 -Duser.country=US -Duser.language=en -Duser.variant -javaagent:C:\Users\Chief\.gradle\wrapper\dists\gradle-8.6-bin\afr5mpiioh2wthjmwnkmdsd5w\gradle-8.6\lib\agents\gradle-instrumentation-agent-8.6.jar org.gradle.launcher.daemon.bootstrap.GradleDaemon 8.6

Host: Intel(R) Core(TM) i5-7200U CPU @ 2.50GHz, 4 cores, 7G,  Windows 10 , 64 bit Build 19041 (10.0.19041.3636)
Time: Thu Jun 27 17:11:51 2024 South Africa Standard Time elapsed time: 82.859469 seconds (0d 0h 1m 22s)

---------------  T H R E A D  ---------------

Current thread (0x0000017e7b5ed8d0):  VMThread "VM Thread" [stack: 0x0000005c38400000,0x0000005c38500000] [id=15768]

Stack: [0x0000005c38400000,0x0000005c38500000]
Native frames: (J=compiled Java code, j=interpreted, Vv=VM code, C=native code)
V  [jvm.dll+0x6886e9]
V  [jvm.dll+0x841e4a]
V  [jvm.dll+0x843a8e]
V  [jvm.dll+0x8440f3]
V  [jvm.dll+0x24c14f]
V  [jvm.dll+0x685499]
V  [jvm.dll+0x679c2a]
V  [jvm.dll+0x30cf9b]
V  [jvm.dll+0x314446]
V  [jvm.dll+0x36425e]
V  [jvm.dll+0x36448f]
V  [jvm.dll+0x2e2d68]
V  [jvm.dll+0x2e5e56]
V  [jvm.dll+0x2f066a]
V  [jvm.dll+0x325610]
V  [jvm.dll+0x8487eb]
V  [jvm.dll+0x849531]
V  [jvm.dll+0x849a4d]
V  [jvm.dll+0x849e24]
V  [jvm.dll+0x849ef0]
V  [jvm.dll+0x7f06aa]
V  [jvm.dll+0x687565]
C  [ucrtbase.dll+0x21bb2]
C  [KERNEL32.DLL+0x17344]
C  [ntdll.dll+0x4cc91]

VM_Operation (0x0000005c380ff440): G1PauseRemark, mode: safepoint, requested by thread 0x0000017e710897f0


---------------  P R O C E S S  ---------------

Threads class SMR info:
_java_thread_list=0x0000017e16915760, length=42, elements={
0x0000017e7101c8b0, 0x0000017e7b627250, 0x0000017e7b5f2520, 0x0000017e7b613530,
0x0000017e7b615100, 0x0000017e13026010, 0x0000017e130269d0, 0x0000017e13032bd0,
0x0000017e13033680, 0x0000017e13036870, 0x0000017e130fd060, 0x0000017e132aef30,
0x0000017e15ca2010, 0x0000017e145f9560, 0x0000017e1405e8c0, 0x0000017e140bea30,
0x0000017e15a90810, 0x0000017e135359c0, 0x0000017e13537310, 0x0000017e13537820,
0x0000017e13534070, 0x0000017e135363e0, 0x0000017e13534fa0, 0x0000017e13534580,
0x0000017e135368f0, 0x0000017e13536e00, 0x0000017e135354b0, 0x0000017e1356aed0,
0x0000017e13566d00, 0x0000017e135667f0, 0x0000017e1356b8f0, 0x0000017e1356b3e0,
0x0000017e13565dd0, 0x0000017e1356be00, 0x0000017e13567210, 0x0000017e13564990,
0x0000017e13569fa0, 0x0000017e135658c0, 0x0000017e1356a4b0, 0x0000017e1356a9c0,
0x0000017e13567720, 0x0000017e13564ea0
}

Java Threads: ( => current thread )
  0x0000017e7101c8b0 JavaThread "main" [_thread_blocked, id=8144, stack(0x0000005c37e00000,0x0000005c37f00000)]
  0x0000017e7b627250 JavaThread "Reference Handler" daemon [_thread_blocked, id=11240, stack(0x0000005c38500000,0x0000005c38600000)]
  0x0000017e7b5f2520 JavaThread "Finalizer" daemon [_thread_blocked, id=18592, stack(0x0000005c38600000,0x0000005c38700000)]
  0x0000017e7b613530 JavaThread "Signal Dispatcher" daemon [_thread_blocked, id=17792, stack(0x0000005c38700000,0x0000005c38800000)]
  0x0000017e7b615100 JavaThread "Attach Listener" daemon [_thread_blocked, id=17604, stack(0x0000005c38800000,0x0000005c38900000)]
  0x0000017e13026010 JavaThread "Service Thread" daemon [_thread_blocked, id=6672, stack(0x0000005c38900000,0x0000005c38a00000)]
  0x0000017e130269d0 JavaThread "Monitor Deflation Thread" daemon [_thread_blocked, id=8196, stack(0x0000005c38a00000,0x0000005c38b00000)]
  0x0000017e13032bd0 JavaThread "C2 CompilerThread0" daemon [_thread_blocked, id=16988, stack(0x0000005c38b00000,0x0000005c38c00000)]
  0x0000017e13033680 JavaThread "C1 CompilerThread0" daemon [_thread_blocked, id=14408, stack(0x0000005c38c00000,0x0000005c38d00000)]
  0x0000017e13036870 JavaThread "Sweeper thread" daemon [_thread_blocked, id=13448, stack(0x0000005c38d00000,0x0000005c38e00000)]
  0x0000017e130fd060 JavaThread "Common-Cleaner" daemon [_thread_blocked, id=2348, stack(0x0000005c38e00000,0x0000005c38f00000)]
  0x0000017e132aef30 JavaThread "Notification Thread" daemon [_thread_blocked, id=7120, stack(0x0000005c38f00000,0x0000005c39000000)]
  0x0000017e15ca2010 JavaThread "Daemon health stats" [_thread_blocked, id=13844, stack(0x0000005c39400000,0x0000005c39500000)]
  0x0000017e145f9560 JavaThread "Incoming local TCP Connector on port 52944" [_thread_in_native, id=18912, stack(0x0000005c39500000,0x0000005c39600000)]
  0x0000017e1405e8c0 JavaThread "Daemon periodic checks" [_thread_blocked, id=14960, stack(0x0000005c39600000,0x0000005c39700000)]
  0x0000017e140bea30 JavaThread "Daemon" [_thread_blocked, id=5936, stack(0x0000005c39700000,0x0000005c39800000)]
  0x0000017e15a90810 JavaThread "Handler for socket connection from /127.0.0.1:52944 to /127.0.0.1:52945" [_thread_in_native, id=3088, stack(0x0000005c39800000,0x0000005c39900000)]
  0x0000017e135359c0 JavaThread "Cancel handler" [_thread_blocked, id=19120, stack(0x0000005c39900000,0x0000005c39a00000)]
  0x0000017e13537310 JavaThread "Daemon worker" [_thread_blocked, id=15460, stack(0x0000005c39a00000,0x0000005c39b00000)]
  0x0000017e13537820 JavaThread "Asynchronous log dispatcher for DefaultDaemonConnection: socket connection from /127.0.0.1:52944 to /127.0.0.1:52945" [_thread_blocked, id=13184, stack(0x0000005c39b00000,0x0000005c39c00000)]
  0x0000017e13534070 JavaThread "Daemon client event forwarder" [_thread_blocked, id=7860, stack(0x0000005c39d00000,0x0000005c39e00000)]
  0x0000017e135363e0 JavaThread "Cache worker for journal cache (C:\Users\Chief\.gradle\caches\journal-1)" [_thread_blocked, id=17088, stack(0x0000005c39e00000,0x0000005c39f00000)]
  0x0000017e13534fa0 JavaThread "File lock request listener" [_thread_in_native, id=17228, stack(0x0000005c39f00000,0x0000005c3a000000)]
  0x0000017e13534580 JavaThread "Cache worker for file hash cache (C:\Users\Chief\.gradle\caches\8.6\fileHashes)" [_thread_blocked, id=6184, stack(0x0000005c3a000000,0x0000005c3a100000)]
  0x0000017e135368f0 JavaThread "File watcher server" daemon [_thread_blocked, id=10284, stack(0x0000005c3a100000,0x0000005c3a200000)]
  0x0000017e13536e00 JavaThread "File watcher consumer" daemon [_thread_blocked, id=9364, stack(0x0000005c3a200000,0x0000005c3a300000)]
  0x0000017e135354b0 JavaThread "Cache worker for checksums cache (C:\Users\Chief\AndroidStudioProjects\PhilOApp\.gradle\8.6\checksums)" [_thread_blocked, id=5964, stack(0x0000005c3a300000,0x0000005c3a400000)]
  0x0000017e1356aed0 JavaThread "Cache worker for file hash cache (C:\Users\Chief\AndroidStudioProjects\PhilOApp\.gradle\8.6\fileHashes)" [_thread_blocked, id=18640, stack(0x0000005c3a400000,0x0000005c3a500000)]
  0x0000017e13566d00 JavaThread "Cache worker for cache directory md-supplier (C:\Users\Chief\.gradle\caches\8.6\md-supplier)" [_thread_blocked, id=10320, stack(0x0000005c3a500000,0x0000005c3a600000)]
  0x0000017e135667f0 JavaThread "Cache worker for cache directory md-rule (C:\Users\Chief\.gradle\caches\8.6\md-rule)" [_thread_blocked, id=18232, stack(0x0000005c3a600000,0x0000005c3a700000)]
  0x0000017e1356b8f0 JavaThread "Cache worker for file content cache (C:\Users\Chief\.gradle\caches\8.6\fileContent)" [_thread_blocked, id=7416, stack(0x0000005c3a700000,0x0000005c3a800000)]
  0x0000017e1356b3e0 JavaThread "jar transforms" [_thread_blocked, id=8724, stack(0x0000005c3a900000,0x0000005c3aa00000)]
  0x0000017e13565dd0 JavaThread "jar transforms Thread 2" [_thread_blocked, id=18836, stack(0x0000005c3aa00000,0x0000005c3ab00000)]
  0x0000017e1356be00 JavaThread "jar transforms Thread 3" [_thread_blocked, id=19236, stack(0x0000005c3ad00000,0x0000005c3ae00000)]
  0x0000017e13567210 JavaThread "Cache worker for Build Output Cleanup Cache (C:\Users\Chief\AndroidStudioProjects\PhilOApp\.gradle\buildOutputCleanup)" [_thread_blocked, id=17020, stack(0x0000005c3ae00000,0x0000005c3af00000)]
  0x0000017e13564990 JavaThread "Unconstrained build operations" [_thread_blocked, id=7088, stack(0x0000005c3af00000,0x0000005c3b000000)]
  0x0000017e13569fa0 JavaThread "Unconstrained build operations Thread 2" [_thread_blocked, id=14212, stack(0x0000005c3b000000,0x0000005c3b100000)]
  0x0000017e135658c0 JavaThread "Unconstrained build operations Thread 3" [_thread_blocked, id=17952, stack(0x0000005c3b100000,0x0000005c3b200000)]
  0x0000017e1356a4b0 JavaThread "File lock release action executor" [_thread_blocked, id=19384, stack(0x0000005c3b200000,0x0000005c3b300000)]
  0x0000017e1356a9c0 JavaThread "jar transforms Thread 4" [_thread_blocked, id=11444, stack(0x0000005c3b300000,0x0000005c3b400000)]
  0x0000017e13567720 JavaThread "build event listener" [_thread_blocked, id=15824, stack(0x0000005c37b00000,0x0000005c37c00000)]
  0x0000017e13564ea0 JavaThread "Memory manager" [_thread_blocked, id=3532, stack(0x0000005c37c00000,0x0000005c37d00000)]

Other Threads:
=>0x0000017e7b5ed8d0 VMThread "VM Thread" [stack: 0x0000005c38400000,0x0000005c38500000] [id=15768]
  0x0000017e132af410 WatcherThread [stack: 0x0000005c39000000,0x0000005c39100000] [id=3872]
  0x0000017e710788a0 GCTaskThread "GC Thread#0" [stack: 0x0000005c37f00000,0x0000005c38000000] [id=15964]
  0x0000017e133e30f0 GCTaskThread "GC Thread#1" [stack: 0x0000005c39100000,0x0000005c39200000] [id=14856]
  0x0000017e135b8790 GCTaskThread "GC Thread#2" [stack: 0x0000005c39200000,0x0000005c39300000] [id=6704]
  0x0000017e13db66b0 GCTaskThread "GC Thread#3" [stack: 0x0000005c39300000,0x0000005c39400000] [id=10268]
  0x0000017e710897f0 ConcurrentGCThread "G1 Main Marker" [stack: 0x0000005c38000000,0x0000005c38100000] [id=7696]
  0x0000017e7108a210 ConcurrentGCThread "G1 Conc#0" [stack: 0x0000005c38100000,0x0000005c38200000] [id=10588]
  0x0000017e710de700 ConcurrentGCThread "G1 Refine#0" [stack: 0x0000005c38200000,0x0000005c38300000] [id=16264]
  0x0000017e15b4db90 ConcurrentGCThread "G1 Refine#1" [stack: 0x0000005c3a800000,0x0000005c3a900000] [id=16436]
  0x0000017e7b453620 ConcurrentGCThread "G1 Service" [stack: 0x0000005c38300000,0x0000005c38400000] [id=13784]

Threads with active compile tasks:
C2 CompilerThread0    91317 7542       4       java.math.BigInteger::implSquareToLen (154 bytes)

VM state: at safepoint (normal execution)

VM Mutex/Monitor currently owned by a thread:  ([mutex/lock_event])
[0x0000017e71018af0] Threads_lock - owner thread: 0x0000017e7b5ed8d0
[0x0000017e71018310] Heap_lock - owner thread: 0x0000017e710897f0

Heap address: 0x0000000080000000, size: 2048 MB, Compressed Oops mode: 32-bit

CDS archive(s) not mapped
Compressed class space mapped at: 0x0000000100000000-0x0000000140000000, reserved size: 1073741824
Narrow klass base: 0x0000000000000000, Narrow klass shift: 3, Narrow klass range: 0x140000000

GC Precious Log:
 CPUs: 4 total, 4 available
 Memory: 8073M
 Large Page Support: Disabled
 NUMA Support: Disabled
 Compressed Oops: Enabled (32-bit)
 Heap Region Size: 1M
 Heap Min Capacity: 8M
 Heap Initial Capacity: 128M
 Heap Max Capacity: 2G
 Pre-touch: Disabled
 Parallel Workers: 4
 Concurrent Workers: 1
 Concurrent Refinement Workers: 4
 Periodic GC: Disabled

Heap:
 garbage-first heap   total 131072K, used 81765K [0x0000000080000000, 0x0000000100000000)
  region size 1024K, 14 young (14336K), 3 survivors (3072K)
 Metaspace       used 68029K, committed 68608K, reserved 1114112K
  class space    used 9146K, committed 9408K, reserved 1048576K

Heap Regions: E=young(eden), S=young(survivor), O=old, HS=humongous(starts), HC=humongous(continues), CS=collection set, F=free, OA=open archive, CA=closed archive, TAMS=top-at-mark-start (previous, next)
|   0|0x0000000080000000, 0x0000000080100000, 0x0000000080100000|100%| O|  |TAMS 0x0000000080100000, 0x0000000080000000| Untracked 
|   1|0x0000000080100000, 0x0000000080200000, 0x0000000080200000|100%| O|  |TAMS 0x0000000080200000, 0x0000000080100000| Updating 
|   2|0x0000000080200000, 0x0000000080300000, 0x0000000080300000|100%|HS|  |TAMS 0x0000000080300000, 0x0000000080200000| Complete 
|   3|0x0000000080300000, 0x0000000080400000, 0x0000000080400000|100%|HC|  |TAMS 0x0000000080400000, 0x0000000080300000| Complete 
|   4|0x0000000080400000, 0x0000000080500000, 0x0000000080500000|100%|HC|  |TAMS 0x0000000080500000, 0x0000000080400000| Complete 
|   5|0x0000000080500000, 0x0000000080600000, 0x0000000080600000|100%|HC|  |TAMS 0x0000000080600000, 0x0000000080500000| Complete 
|   6|0x0000000080600000, 0x0000000080700000, 0x0000000080700000|100%| O|  |TAMS 0x0000000080700000, 0x0000000080600000| Untracked 
|   7|0x0000000080700000, 0x0000000080800000, 0x0000000080800000|100%| O|  |TAMS 0x0000000080800000, 0x0000000080700000| Untracked 
|   8|0x0000000080800000, 0x0000000080900000, 0x0000000080900000|100%| O|  |TAMS 0x0000000080900000, 0x0000000080800000| Updating 
|   9|0x0000000080900000, 0x0000000080a00000, 0x0000000080a00000|100%| O|  |TAMS 0x0000000080a00000, 0x0000000080900000| Untracked 
|  10|0x0000000080a00000, 0x0000000080a99a00, 0x0000000080b00000| 60%| O|  |TAMS 0x0000000080a99a00, 0x0000000080a00000| Updating 
|  11|0x0000000080b00000, 0x0000000080c00000, 0x0000000080c00000|100%| O|  |TAMS 0x0000000080c00000, 0x0000000080b00000| Untracked 
|  12|0x0000000080c00000, 0x0000000080d00000, 0x0000000080d00000|100%| O|  |TAMS 0x0000000080d00000, 0x0000000080c00000| Untracked 
|  13|0x0000000080d00000, 0x0000000080e00000, 0x0000000080e00000|100%| O|  |TAMS 0x0000000080e00000, 0x0000000080d00000| Untracked 
|  14|0x0000000080e00000, 0x0000000080f00000, 0x0000000080f00000|100%| O|  |TAMS 0x0000000080f00000, 0x0000000080e00000| Untracked 
|  15|0x0000000080f00000, 0x0000000081000000, 0x0000000081000000|100%| O|  |TAMS 0x0000000081000000, 0x0000000080f00000| Untracked 
|  16|0x0000000081000000, 0x0000000081100000, 0x0000000081100000|100%| O|  |TAMS 0x0000000081100000, 0x0000000081000000| Untracked 
|  17|0x0000000081100000, 0x0000000081200000, 0x0000000081200000|100%| O|  |TAMS 0x0000000081200000, 0x0000000081100000| Untracked 
|  18|0x0000000081200000, 0x0000000081300000, 0x0000000081300000|100%| O|  |TAMS 0x0000000081300000, 0x0000000081200000| Untracked 
|  19|0x0000000081300000, 0x0000000081400000, 0x0000000081400000|100%| O|  |TAMS 0x0000000081400000, 0x0000000081300000| Untracked 
|  20|0x0000000081400000, 0x0000000081500000, 0x0000000081500000|100%| O|  |TAMS 0x0000000081500000, 0x0000000081400000| Untracked 
|  21|0x0000000081500000, 0x0000000081600000, 0x0000000081600000|100%| O|  |TAMS 0x0000000081600000, 0x0000000081500000| Untracked 
|  22|0x0000000081600000, 0x0000000081700000, 0x0000000081700000|100%| O|  |TAMS 0x0000000081700000, 0x0000000081600000| Updating 
|  23|0x0000000081700000, 0x0000000081800000, 0x0000000081800000|100%| O|  |TAMS 0x0000000081800000, 0x0000000081700000| Untracked 
|  24|0x0000000081800000, 0x0000000081900000, 0x0000000081900000|100%| O|  |TAMS 0x0000000081900000, 0x0000000081800000| Updating 
|  25|0x0000000081900000, 0x0000000081a00000, 0x0000000081a00000|100%| O|  |TAMS 0x0000000081a00000, 0x0000000081900000| Untracked 
|  26|0x0000000081a00000, 0x0000000081b00000, 0x0000000081b00000|100%| O|  |TAMS 0x0000000081b00000, 0x0000000081a00000| Untracked 
|  27|0x0000000081b00000, 0x0000000081c00000, 0x0000000081c00000|100%| O|  |TAMS 0x0000000081c00000, 0x0000000081b00000| Updating 
|  28|0x0000000081c00000, 0x0000000081d00000, 0x0000000081d00000|100%| O|  |TAMS 0x0000000081d00000, 0x0000000081c00000| Untracked 
|  29|0x0000000081d00000, 0x0000000081e00000, 0x0000000081e00000|100%| O|  |TAMS 0x0000000081e00000, 0x0000000081d00000| Untracked 
|  30|0x0000000081e00000, 0x0000000081f00000, 0x0000000081f00000|100%| O|  |TAMS 0x0000000081f00000, 0x0000000081e00000| Untracked 
|  31|0x0000000081f00000, 0x0000000082000000, 0x0000000082000000|100%| O|  |TAMS 0x0000000082000000, 0x0000000081f00000| Untracked 
|  32|0x0000000082000000, 0x0000000082100000, 0x0000000082100000|100%| O|  |TAMS 0x0000000082100000, 0x0000000082000000| Untracked 
|  33|0x0000000082100000, 0x0000000082200000, 0x0000000082200000|100%| O|  |TAMS 0x0000000082200000, 0x0000000082100000| Untracked 
|  34|0x0000000082200000, 0x0000000082300000, 0x0000000082300000|100%| O|  |TAMS 0x0000000082300000, 0x0000000082200000| Untracked 
|  35|0x0000000082300000, 0x0000000082400000, 0x0000000082400000|100%| O|  |TAMS 0x0000000082400000, 0x0000000082300000| Untracked 
|  36|0x0000000082400000, 0x0000000082500000, 0x0000000082500000|100%| O|  |TAMS 0x0000000082500000, 0x0000000082400000| Untracked 
|  37|0x0000000082500000, 0x0000000082600000, 0x0000000082600000|100%| O|  |TAMS 0x0000000082600000, 0x0000000082500000| Untracked 
|  38|0x0000000082600000, 0x0000000082700000, 0x0000000082700000|100%| O|  |TAMS 0x0000000082700000, 0x0000000082600000| Untracked 
|  39|0x0000000082700000, 0x0000000082800000, 0x0000000082800000|100%| O|  |TAMS 0x0000000082800000, 0x0000000082700000| Untracked 
|  40|0x0000000082800000, 0x0000000082900000, 0x0000000082900000|100%|HS|  |TAMS 0x0000000082900000, 0x0000000082800000| Complete 
|  41|0x0000000082900000, 0x0000000082a00000, 0x0000000082a00000|100%|HS|  |TAMS 0x0000000082a00000, 0x0000000082900000| Complete 
|  42|0x0000000082a00000, 0x0000000082b00000, 0x0000000082b00000|100%|HC|  |TAMS 0x0000000082b00000, 0x0000000082a00000| Complete 
|  43|0x0000000082b00000, 0x0000000082c00000, 0x0000000082c00000|100%|HS|  |TAMS 0x0000000082c00000, 0x0000000082b00000| Complete 
|  44|0x0000000082c00000, 0x0000000082d00000, 0x0000000082d00000|100%|HS|  |TAMS 0x0000000082d00000, 0x0000000082c00000| Complete 
|  45|0x0000000082d00000, 0x0000000082e00000, 0x0000000082e00000|100%|HC|  |TAMS 0x0000000082e00000, 0x0000000082d00000| Complete 
|  46|0x0000000082e00000, 0x0000000082f00000, 0x0000000082f00000|100%|HS|  |TAMS 0x0000000082f00000, 0x0000000082e00000| Complete 
|  47|0x0000000082f00000, 0x0000000083000000, 0x0000000083000000|100%| O|  |TAMS 0x0000000083000000, 0x0000000082f00000| Untracked 
|  48|0x0000000083000000, 0x0000000083100000, 0x0000000083100000|100%| O|  |TAMS 0x0000000083100000, 0x0000000083000000| Untracked 
|  49|0x0000000083100000, 0x0000000083200000, 0x0000000083200000|100%| O|  |TAMS 0x0000000083200000, 0x0000000083100000| Untracked 
|  50|0x0000000083200000, 0x0000000083300000, 0x0000000083300000|100%|HS|  |TAMS 0x0000000083300000, 0x0000000083200000| Complete 
|  51|0x0000000083300000, 0x0000000083400000, 0x0000000083400000|100%|HC|  |TAMS 0x0000000083400000, 0x0000000083300000| Complete 
|  52|0x0000000083400000, 0x0000000083500000, 0x0000000083500000|100%|HC|  |TAMS 0x0000000083500000, 0x0000000083400000| Complete 
|  53|0x0000000083500000, 0x0000000083600000, 0x0000000083600000|100%|HC|  |TAMS 0x0000000083600000, 0x0000000083500000| Complete 
|  54|0x0000000083600000, 0x0000000083700000, 0x0000000083700000|100%| O|  |TAMS 0x0000000083700000, 0x0000000083600000| Untracked 
|  55|0x0000000083700000, 0x0000000083800000, 0x0000000083800000|100%|HS|  |TAMS 0x0000000083800000, 0x0000000083700000| Complete 
|  56|0x0000000083800000, 0x0000000083900000, 0x0000000083900000|100%| O|  |TAMS 0x0000000083900000, 0x0000000083800000| Untracked 
|  57|0x0000000083900000, 0x0000000083a00000, 0x0000000083a00000|100%|HS|  |TAMS 0x0000000083a00000, 0x0000000083900000| Complete 
|  58|0x0000000083a00000, 0x0000000083b00000, 0x0000000083b00000|100%| O|  |TAMS 0x0000000083b00000, 0x0000000083a00000| Untracked 
|  59|0x0000000083b00000, 0x0000000083c00000, 0x0000000083c00000|100%| O|  |TAMS 0x0000000083c00000, 0x0000000083b00000| Updating 
|  60|0x0000000083c00000, 0x0000000083d00000, 0x0000000083d00000|100%|HS|  |TAMS 0x0000000083d00000, 0x0000000083c00000| Complete 
|  61|0x0000000083d00000, 0x0000000083e00000, 0x0000000083e00000|100%| O|  |TAMS 0x0000000083d88c00, 0x0000000083d00000| Untracked 
|  62|0x0000000083e00000, 0x0000000083e8c000, 0x0000000083f00000| 54%| O|  |TAMS 0x0000000083e00000, 0x0000000083e00000| Updating 
|  63|0x0000000083f00000, 0x0000000084000000, 0x0000000084000000|100%|HS|  |TAMS 0x0000000083f00000, 0x0000000083f00000| Complete 
|  64|0x0000000084000000, 0x0000000084100000, 0x0000000084100000|100%|HS|  |TAMS 0x0000000084000000, 0x0000000084000000| Complete 
|  65|0x0000000084100000, 0x0000000084200000, 0x0000000084200000|100%|HS|  |TAMS 0x0000000084100000, 0x0000000084100000| Complete 
|  66|0x0000000084200000, 0x0000000084300000, 0x0000000084300000|100%|HS|  |TAMS 0x0000000084200000, 0x0000000084200000| Complete 
|  67|0x0000000084300000, 0x0000000084400000, 0x0000000084400000|100%|HS|  |TAMS 0x0000000084300000, 0x0000000084300000| Complete 
|  68|0x0000000084400000, 0x0000000084400000, 0x0000000084500000|  0%| F|  |TAMS 0x0000000084400000, 0x0000000084400000| Untracked 
|  69|0x0000000084500000, 0x0000000084500000, 0x0000000084600000|  0%| F|  |TAMS 0x0000000084500000, 0x0000000084500000| Untracked 
|  70|0x0000000084600000, 0x0000000084600000, 0x0000000084700000|  0%| F|  |TAMS 0x0000000084600000, 0x0000000084600000| Untracked 
|  71|0x0000000084700000, 0x0000000084700000, 0x0000000084800000|  0%| F|  |TAMS 0x0000000084700000, 0x0000000084700000| Untracked 
|  72|0x0000000084800000, 0x0000000084800000, 0x0000000084900000|  0%| F|  |TAMS 0x0000000084800000, 0x0000000084800000| Untracked 
|  73|0x0000000084900000, 0x0000000084900000, 0x0000000084a00000|  0%| F|  |TAMS 0x0000000084900000, 0x0000000084900000| Untracked 
|  74|0x0000000084a00000, 0x0000000084a00000, 0x0000000084b00000|  0%| F|  |TAMS 0x0000000084a00000, 0x0000000084a00000| Untracked 
|  75|0x0000000084b00000, 0x0000000084b00000, 0x0000000084c00000|  0%| F|  |TAMS 0x0000000084b00000, 0x0000000084b00000| Untracked 
|  76|0x0000000084c00000, 0x0000000084c00000, 0x0000000084d00000|  0%| F|  |TAMS 0x0000000084c00000, 0x0000000084c00000| Untracked 
|  77|0x0000000084d00000, 0x0000000084d00000, 0x0000000084e00000|  0%| F|  |TAMS 0x0000000084d00000, 0x0000000084d00000| Untracked 
|  78|0x0000000084e00000, 0x0000000084e00000, 0x0000000084f00000|  0%| F|  |TAMS 0x0000000084e00000, 0x0000000084e00000| Untracked 
|  79|0x0000000084f00000, 0x0000000084f00000, 0x0000000085000000|  0%| F|  |TAMS 0x0000000084f00000, 0x0000000084f00000| Untracked 
|  80|0x0000000085000000, 0x0000000085000000, 0x0000000085100000|  0%| F|  |TAMS 0x0000000085000000, 0x0000000085000000| Untracked 
|  81|0x0000000085100000, 0x0000000085100000, 0x0000000085200000|  0%| F|  |TAMS 0x0000000085100000, 0x0000000085100000| Untracked 
|  82|0x0000000085200000, 0x0000000085200000, 0x0000000085300000|  0%| F|  |TAMS 0x0000000085200000, 0x0000000085200000| Untracked 
|  83|0x0000000085300000, 0x0000000085300000, 0x0000000085400000|  0%| F|  |TAMS 0x0000000085300000, 0x0000000085300000| Untracked 
|  84|0x0000000085400000, 0x0000000085400000, 0x0000000085500000|  0%| F|  |TAMS 0x0000000085400000, 0x0000000085400000| Untracked 
|  85|0x0000000085500000, 0x0000000085500000, 0x0000000085600000|  0%| F|  |TAMS 0x0000000085500000, 0x0000000085500000| Untracked 
|  86|0x0000000085600000, 0x0000000085600000, 0x0000000085700000|  0%| F|  |TAMS 0x0000000085600000, 0x0000000085600000| Untracked 
|  87|0x0000000085700000, 0x0000000085700000, 0x0000000085800000|  0%| F|  |TAMS 0x0000000085700000, 0x0000000085700000| Untracked 
|  88|0x0000000085800000, 0x0000000085800000, 0x0000000085900000|  0%| F|  |TAMS 0x0000000085800000, 0x0000000085800000| Untracked 
|  89|0x0000000085900000, 0x0000000085900000, 0x0000000085a00000|  0%| F|  |TAMS 0x0000000085900000, 0x0000000085900000| Untracked 
|  90|0x0000000085a00000, 0x0000000085a00000, 0x0000000085b00000|  0%| F|  |TAMS 0x0000000085a00000, 0x0000000085a00000| Untracked 
|  91|0x0000000085b00000, 0x0000000085b00000, 0x0000000085c00000|  0%| F|  |TAMS 0x0000000085b00000, 0x0000000085b00000| Untracked 
|  92|0x0000000085c00000, 0x0000000085c00000, 0x0000000085d00000|  0%| F|  |TAMS 0x0000000085c00000, 0x0000000085c00000| Untracked 
|  93|0x0000000085d00000, 0x0000000085d00000, 0x0000000085e00000|  0%| F|  |TAMS 0x0000000085d00000, 0x0000000085d00000| Untracked 
|  94|0x0000000085e00000, 0x0000000085e00000, 0x0000000085f00000|  0%| F|  |TAMS 0x0000000085e00000, 0x0000000085e00000| Untracked 
|  95|0x0000000085f00000, 0x0000000085f00000, 0x0000000086000000|  0%| F|  |TAMS 0x0000000085f00000, 0x0000000085f00000| Untracked 
|  96|0x0000000086000000, 0x0000000086000000, 0x0000000086100000|  0%| F|  |TAMS 0x0000000086000000, 0x0000000086000000| Untracked 
|  97|0x0000000086100000, 0x0000000086100000, 0x0000000086200000|  0%| F|  |TAMS 0x0000000086100000, 0x0000000086100000| Untracked 
|  98|0x0000000086200000, 0x00000000862fd480, 0x0000000086300000| 98%| E|  |TAMS 0x0000000086200000, 0x0000000086200000| Complete 
|  99|0x0000000086300000, 0x0000000086400000, 0x0000000086400000|100%| E|CS|TAMS 0x0000000086300000, 0x0000000086300000| Complete 
| 100|0x0000000086400000, 0x00000000864b3d00, 0x0000000086500000| 70%| S|CS|TAMS 0x0000000086400000, 0x0000000086400000| Complete 
| 101|0x0000000086500000, 0x0000000086600000, 0x0000000086600000|100%| S|CS|TAMS 0x0000000086500000, 0x0000000086500000| Complete 
| 102|0x0000000086600000, 0x0000000086700000, 0x0000000086700000|100%| S|CS|TAMS 0x0000000086600000, 0x0000000086600000| Complete 
| 103|0x0000000086700000, 0x0000000086800000, 0x0000000086800000|100%| E|CS|TAMS 0x0000000086700000, 0x0000000086700000| Complete 
| 104|0x0000000086800000, 0x0000000086900000, 0x0000000086900000|100%| E|CS|TAMS 0x0000000086800000, 0x0000000086800000| Complete 
| 105|0x0000000086900000, 0x0000000086a00000, 0x0000000086a00000|100%| E|CS|TAMS 0x0000000086900000, 0x0000000086900000| Complete 
| 106|0x0000000086a00000, 0x0000000086b00000, 0x0000000086b00000|100%| E|CS|TAMS 0x0000000086a00000, 0x0000000086a00000| Complete 
| 107|0x0000000086b00000, 0x0000000086c00000, 0x0000000086c00000|100%| E|CS|TAMS 0x0000000086b00000, 0x0000000086b00000| Complete 
| 108|0x0000000086c00000, 0x0000000086d00000, 0x0000000086d00000|100%| E|CS|TAMS 0x0000000086c00000, 0x0000000086c00000| Complete 
| 109|0x0000000086d00000, 0x0000000086e00000, 0x0000000086e00000|100%| E|CS|TAMS 0x0000000086d00000, 0x0000000086d00000| Complete 
| 110|0x0000000086e00000, 0x0000000086f00000, 0x0000000086f00000|100%| E|CS|TAMS 0x0000000086e00000, 0x0000000086e00000| Complete 
| 111|0x0000000086f00000, 0x0000000086f00000, 0x0000000087000000|  0%| F|  |TAMS 0x0000000086f00000, 0x0000000086f00000| Untracked 
| 112|0x0000000087000000, 0x0000000087000000, 0x0000000087100000|  0%| F|  |TAMS 0x0000000087000000, 0x0000000087000000| Untracked 
| 113|0x0000000087100000, 0x0000000087100000, 0x0000000087200000|  0%| F|  |TAMS 0x0000000087100000, 0x0000000087100000| Untracked 
| 114|0x0000000087200000, 0x0000000087200000, 0x0000000087300000|  0%| F|  |TAMS 0x0000000087200000, 0x0000000087200000| Untracked 
| 115|0x0000000087300000, 0x0000000087300000, 0x0000000087400000|  0%| F|  |TAMS 0x0000000087300000, 0x0000000087300000| Untracked 
| 116|0x0000000087400000, 0x0000000087400000, 0x0000000087500000|  0%| F|  |TAMS 0x0000000087400000, 0x0000000087400000| Untracked 
| 117|0x0000000087500000, 0x0000000087500000, 0x0000000087600000|  0%| F|  |TAMS 0x0000000087500000, 0x0000000087500000| Untracked 
| 118|0x0000000087600000, 0x0000000087600000, 0x0000000087700000|  0%| F|  |TAMS 0x0000000087600000, 0x0000000087600000| Untracked 
| 119|0x0000000087700000, 0x0000000087700000, 0x0000000087800000|  0%| F|  |TAMS 0x0000000087700000, 0x0000000087700000| Untracked 
| 120|0x0000000087800000, 0x0000000087800000, 0x0000000087900000|  0%| F|  |TAMS 0x0000000087800000, 0x0000000087800000| Untracked 
| 121|0x0000000087900000, 0x0000000087900000, 0x0000000087a00000|  0%| F|  |TAMS 0x0000000087900000, 0x0000000087900000| Untracked 
| 122|0x0000000087a00000, 0x0000000087a00000, 0x0000000087b00000|  0%| F|  |TAMS 0x0000000087a00000, 0x0000000087a00000| Untracked 
| 123|0x0000000087b00000, 0x0000000087b00000, 0x0000000087c00000|  0%| F|  |TAMS 0x0000000087b00000, 0x0000000087b00000| Untracked 
| 124|0x0000000087c00000, 0x0000000087c00000, 0x0000000087d00000|  0%| F|  |TAMS 0x0000000087c00000, 0x0000000087c00000| Untracked 
| 125|0x0000000087d00000, 0x0000000087d00000, 0x0000000087e00000|  0%| F|  |TAMS 0x0000000087d00000, 0x0000000087d00000| Untracked 
| 126|0x0000000087e00000, 0x0000000087e00000, 0x0000000087f00000|  0%| F|  |TAMS 0x0000000087e00000, 0x0000000087e00000| Untracked 
| 127|0x0000000087f00000, 0x0000000088000000, 0x0000000088000000|100%| E|CS|TAMS 0x0000000087f00000, 0x0000000087f00000| Complete 

Card table byte_map: [0x0000017e74900000,0x0000017e74d00000] _byte_map_base: 0x0000017e74500000

Marking Bits (Prev, Next): (CMBitMap*) 0x0000017e71078ec0, (CMBitMap*) 0x0000017e71078f00
 Prev Bits: [0x0000017e75100000, 0x0000017e77100000)
 Next Bits: [0x0000017e77100000, 0x0000017e79100000)

Polling page: 0x0000017e6ee00000

Metaspace:

Usage:
  Non-class:     57.50 MB used.
      Class:      8.93 MB used.
       Both:     66.43 MB used.

Virtual space:
  Non-class space:       64.00 MB reserved,      57.81 MB ( 90%) committed,  1 nodes.
      Class space:        1.00 GB reserved,       9.19 MB ( <1%) committed,  1 nodes.
             Both:        1.06 GB reserved,      67.00 MB (  6%) committed. 

Chunk freelists:
   Non-Class:  6.13 MB
       Class:  6.83 MB
        Both:  12.96 MB

MaxMetaspaceSize: unlimited
CompressedClassSpaceSize: 1.00 GB
Initial GC threshold: 21.00 MB
Current GC threshold: 109.19 MB
CDS: off
MetaspaceReclaimPolicy: balanced
 - commit_granule_bytes: 65536.
 - commit_granule_words: 8192.
 - virtual_space_node_default_size: 8388608.
 - enlarge_chunks_in_place: 1.
 - new_chunks_are_fully_committed: 0.
 - uncommit_free_chunks: 1.
 - use_allocation_guard: 0.
 - handle_deallocations: 1.


Internal statistics:

num_allocs_failed_limit: 6.
num_arena_births: 666.
num_arena_deaths: 0.
num_vsnodes_births: 2.
num_vsnodes_deaths: 0.
num_space_committed: 1072.
num_space_uncommitted: 0.
num_chunks_returned_to_freelist: 6.
num_chunks_taken_from_freelist: 2997.
num_chunk_merges: 6.
num_chunk_splits: 1975.
num_chunks_enlarged: 1318.
num_inconsistent_stats: 0.

CodeHeap 'non-profiled nmethods': size=120000Kb used=3539Kb max_used=3539Kb free=116460Kb
 bounds [0x0000017e07ad0000, 0x0000017e07e50000, 0x0000017e0f000000]
CodeHeap 'profiled nmethods': size=120000Kb used=12893Kb max_used=12893Kb free=107106Kb
 bounds [0x0000017e00000000, 0x0000017e00ca0000, 0x0000017e07530000]
CodeHeap 'non-nmethods': size=5760Kb used=2341Kb max_used=2395Kb free=3418Kb
 bounds [0x0000017e07530000, 0x0000017e077a0000, 0x0000017e07ad0000]
 total_blobs=7617 nmethods=6752 adapters=777
 compilation: enabled
              stopped_count=0, restarted_count=0
 full_count=0

Compilation events (20 events):
Event: 81.822 Thread 0x0000017e13033680 nmethod 7537 0x0000017e00c92890 code [0x0000017e00c92a40, 0x0000017e00c92cb8]
Event: 81.822 Thread 0x0000017e13033680 7540       3       java.math.BigInteger::primitiveLeftShift (37 bytes)
Event: 81.823 Thread 0x0000017e13033680 nmethod 7540 0x0000017e00c92e10 code [0x0000017e00c92fe0, 0x0000017e00c933b8]
Event: 81.823 Thread 0x0000017e13033680 7538       3       java.math.MutableBigInteger::subtract (226 bytes)
Event: 81.823 Thread 0x0000017e13033680 nmethod 7538 0x0000017e00c93590 code [0x0000017e00c937a0, 0x0000017e00c93f18]
Event: 81.823 Thread 0x0000017e13032bd0 7541       4       java.math.BigInteger::implMultiplyToLen (216 bytes)
Event: 81.823 Thread 0x0000017e13033680 7536       3       java.math.MutableBigInteger::rightShift (79 bytes)
Event: 81.824 Thread 0x0000017e13033680 nmethod 7536 0x0000017e00c94290 code [0x0000017e00c94480, 0x0000017e00c94828]
Event: 81.824 Thread 0x0000017e13033680 7539       3       java.util.Arrays::copyOfRange (64 bytes)
Event: 81.824 Thread 0x0000017e13033680 nmethod 7539 0x0000017e00c94990 code [0x0000017e00c94c00, 0x0000017e00c954f8]
Event: 81.832 Thread 0x0000017e13033680 7544       3       java.math.BigInteger::multiplyToLenCheck (28 bytes)
Event: 81.832 Thread 0x0000017e13033680 nmethod 7544 0x0000017e00c95890 code [0x0000017e00c95a60, 0x0000017e00c95e18]
Event: 81.840 Thread 0x0000017e13032bd0 nmethod 7541 0x0000017e07e44210 code [0x0000017e07e443a0, 0x0000017e07e44c78]
Event: 81.840 Thread 0x0000017e13032bd0 7542       4       java.math.BigInteger::implSquareToLen (154 bytes)
Event: 81.841 Thread 0x0000017e13033680 7546       3       java.util.regex.Pattern$Branch::match (66 bytes)
Event: 81.841 Thread 0x0000017e13033680 nmethod 7546 0x0000017e00c95f90 code [0x0000017e00c96160, 0x0000017e00c96638]
Event: 81.850 Thread 0x0000017e13033680 7550       3       java.util.Collections$UnmodifiableList::get (11 bytes)
Event: 81.850 Thread 0x0000017e13033680 nmethod 7550 0x0000017e00c96810 code [0x0000017e00c969c0, 0x0000017e00c96b88]
Event: 81.857 Thread 0x0000017e13033680 7551       3       kotlin.jvm.internal.Intrinsics::checkNotNullExpressionValue (38 bytes)
Event: 81.857 Thread 0x0000017e13033680 nmethod 7551 0x0000017e00c96c90 code [0x0000017e00c96ec0, 0x0000017e00c97428]

GC Heap History (20 events):
Event: 53.949 GC heap before
{Heap before GC invocations=26 (full 0):
 garbage-first heap   total 83968K, used 47607K [0x0000000080000000, 0x0000000100000000)
  region size 1024K, 4 young (4096K), 2 survivors (2048K)
 Metaspace       used 57797K, committed 58368K, reserved 1114112K
  class space    used 7810K, committed 8064K, reserved 1048576K
}
Event: 53.953 GC heap after
{Heap after GC invocations=27 (full 0):
 garbage-first heap   total 83968K, used 48361K [0x0000000080000000, 0x0000000100000000)
  region size 1024K, 2 young (2048K), 2 survivors (2048K)
 Metaspace       used 57797K, committed 58368K, reserved 1114112K
  class space    used 7810K, committed 8064K, reserved 1048576K
}
Event: 54.256 GC heap before
{Heap before GC invocations=28 (full 0):
 garbage-first heap   total 86016K, used 51433K [0x0000000080000000, 0x0000000100000000)
  region size 1024K, 6 young (6144K), 2 survivors (2048K)
 Metaspace       used 57808K, committed 58368K, reserved 1114112K
  class space    used 7810K, committed 8064K, reserved 1048576K
}
Event: 54.260 GC heap after
{Heap after GC invocations=29 (full 0):
 garbage-first heap   total 86016K, used 51841K [0x0000000080000000, 0x0000000100000000)
  region size 1024K, 2 young (2048K), 2 survivors (2048K)
 Metaspace       used 57808K, committed 58368K, reserved 1114112K
  class space    used 7810K, committed 8064K, reserved 1048576K
}
Event: 54.928 GC heap before
{Heap before GC invocations=30 (full 0):
 garbage-first heap   total 97280K, used 55937K [0x0000000080000000, 0x0000000100000000)
  region size 1024K, 4 young (4096K), 2 survivors (2048K)
 Metaspace       used 57808K, committed 58368K, reserved 1114112K
  class space    used 7810K, committed 8064K, reserved 1048576K
}
Event: 54.933 GC heap after
{Heap after GC invocations=31 (full 0):
 garbage-first heap   total 97280K, used 56718K [0x0000000080000000, 0x0000000100000000)
  region size 1024K, 1 young (1024K), 1 survivors (1024K)
 Metaspace       used 57808K, committed 58368K, reserved 1114112K
  class space    used 7810K, committed 8064K, reserved 1048576K
}
Event: 56.389 GC heap before
{Heap before GC invocations=32 (full 0):
 garbage-first heap   total 106496K, used 71054K [0x0000000080000000, 0x0000000100000000)
  region size 1024K, 13 young (13312K), 1 survivors (1024K)
 Metaspace       used 58530K, committed 59072K, reserved 1114112K
  class space    used 7926K, committed 8192K, reserved 1048576K
}
Event: 56.396 GC heap after
{Heap after GC invocations=33 (full 0):
 garbage-first heap   total 106496K, used 61415K [0x0000000080000000, 0x0000000100000000)
  region size 1024K, 2 young (2048K), 2 survivors (2048K)
 Metaspace       used 58530K, committed 59072K, reserved 1114112K
  class space    used 7926K, committed 8192K, reserved 1048576K
}
Event: 58.701 GC heap before
{Heap before GC invocations=33 (full 0):
 garbage-first heap   total 106496K, used 67559K [0x0000000080000000, 0x0000000100000000)
  region size 1024K, 10 young (10240K), 2 survivors (2048K)
 Metaspace       used 59070K, committed 59648K, reserved 1114112K
  class space    used 7980K, committed 8256K, reserved 1048576K
}
Event: 58.707 GC heap after
{Heap after GC invocations=34 (full 0):
 garbage-first heap   total 106496K, used 61642K [0x0000000080000000, 0x0000000100000000)
  region size 1024K, 1 young (1024K), 1 survivors (1024K)
 Metaspace       used 59070K, committed 59648K, reserved 1114112K
  class space    used 7980K, committed 8256K, reserved 1048576K
}
Event: 63.619 GC heap before
{Heap before GC invocations=35 (full 0):
 garbage-first heap   total 109568K, used 79050K [0x0000000080000000, 0x0000000100000000)
  region size 1024K, 17 young (17408K), 1 survivors (1024K)
 Metaspace       used 60326K, committed 60928K, reserved 1114112K
  class space    used 8156K, committed 8448K, reserved 1048576K
}
Event: 63.622 GC heap after
{Heap after GC invocations=36 (full 0):
 garbage-first heap   total 109568K, used 63089K [0x0000000080000000, 0x0000000100000000)
  region size 1024K, 2 young (2048K), 2 survivors (2048K)
 Metaspace       used 60326K, committed 60928K, reserved 1114112K
  class space    used 8156K, committed 8448K, reserved 1048576K
}
Event: 69.297 GC heap before
{Heap before GC invocations=36 (full 0):
 garbage-first heap   total 109568K, used 80497K [0x0000000080000000, 0x0000000100000000)
  region size 1024K, 20 young (20480K), 2 survivors (2048K)
 Metaspace       used 61878K, committed 62464K, reserved 1114112K
  class space    used 8355K, committed 8640K, reserved 1048576K
}
Event: 69.306 GC heap after
{Heap after GC invocations=37 (full 0):
 garbage-first heap   total 109568K, used 63721K [0x0000000080000000, 0x0000000100000000)
  region size 1024K, 2 young (2048K), 2 survivors (2048K)
 Metaspace       used 61878K, committed 62464K, reserved 1114112K
  class space    used 8355K, committed 8640K, reserved 1048576K
}
Event: 72.543 GC heap before
{Heap before GC invocations=38 (full 0):
 garbage-first heap   total 109568K, used 83177K [0x0000000080000000, 0x0000000100000000)
  region size 1024K, 22 young (22528K), 2 survivors (2048K)
 Metaspace       used 64229K, committed 64768K, reserved 1114112K
  class space    used 8620K, committed 8832K, reserved 1048576K
}
Event: 72.554 GC heap after
{Heap after GC invocations=39 (full 0):
 garbage-first heap   total 109568K, used 64155K [0x0000000080000000, 0x0000000100000000)
  region size 1024K, 2 young (2048K), 2 survivors (2048K)
 Metaspace       used 64229K, committed 64768K, reserved 1114112K
  class space    used 8620K, committed 8832K, reserved 1048576K
}
Event: 77.851 GC heap before
{Heap before GC invocations=39 (full 0):
 garbage-first heap   total 109568K, used 85659K [0x0000000080000000, 0x0000000100000000)
  region size 1024K, 23 young (23552K), 2 survivors (2048K)
 Metaspace       used 66496K, committed 67072K, reserved 1114112K
  class space    used 8961K, committed 9216K, reserved 1048576K
}
Event: 77.862 GC heap after
{Heap after GC invocations=40 (full 0):
 garbage-first heap   total 109568K, used 64827K [0x0000000080000000, 0x0000000100000000)
  region size 1024K, 3 young (3072K), 3 survivors (3072K)
 Metaspace       used 66496K, committed 67072K, reserved 1114112K
  class space    used 8961K, committed 9216K, reserved 1048576K
}
Event: 81.746 GC heap before
{Heap before GC invocations=41 (full 0):
 garbage-first heap   total 114688K, used 71995K [0x0000000080000000, 0x0000000100000000)
  region size 1024K, 12 young (12288K), 3 survivors (3072K)
 Metaspace       used 67963K, committed 68544K, reserved 1114112K
  class space    used 9135K, committed 9408K, reserved 1048576K
}
Event: 81.765 GC heap after
{Heap after GC invocations=42 (full 0):
 garbage-first heap   total 114688K, used 66405K [0x0000000080000000, 0x0000000100000000)
  region size 1024K, 3 young (3072K), 3 survivors (3072K)
 Metaspace       used 67963K, committed 68544K, reserved 1114112K
  class space    used 9135K, committed 9408K, reserved 1048576K
}

Dll operation events (3 events):
Event: 0.035 Loaded shared library C:\Program Files\Android\Android Studio\jbr\bin\java.dll
Event: 0.195 Loaded shared library C:\Program Files\Android\Android Studio\jbr\bin\zip.dll
Event: 0.899 Loaded shared library C:\Program Files\Android\Android Studio\jbr\bin\verify.dll

Deoptimization events (20 events):
Event: 81.838 Thread 0x0000017e13537310 DEOPT PACKING pc=0x0000017e00c90db8 sp=0x0000005c39af1ef0
Event: 81.838 Thread 0x0000017e13537310 DEOPT UNPACKING pc=0x0000017e07587143 sp=0x0000005c39af1370 mode 0
Event: 81.838 Thread 0x0000017e13537310 DEOPT PACKING pc=0x0000017e00c90db8 sp=0x0000005c39af1ef0
Event: 81.838 Thread 0x0000017e13537310 DEOPT UNPACKING pc=0x0000017e07587143 sp=0x0000005c39af1370 mode 0
Event: 81.838 Thread 0x0000017e13537310 DEOPT PACKING pc=0x0000017e00c90db8 sp=0x0000005c39af1ef0
Event: 81.838 Thread 0x0000017e13537310 DEOPT UNPACKING pc=0x0000017e07587143 sp=0x0000005c39af1370 mode 0
Event: 81.839 Thread 0x0000017e13537310 DEOPT PACKING pc=0x0000017e00c803b8 sp=0x0000005c39af1f20
Event: 81.839 Thread 0x0000017e13537310 DEOPT UNPACKING pc=0x0000017e07587143 sp=0x0000005c39af13a0 mode 0
Event: 81.839 Thread 0x0000017e13537310 DEOPT PACKING pc=0x0000017e00c7fbe6 sp=0x0000005c39af1e10
Event: 81.839 Thread 0x0000017e13537310 DEOPT UNPACKING pc=0x0000017e07587143 sp=0x0000005c39af1290 mode 0
Event: 81.839 Thread 0x0000017e13537310 DEOPT PACKING pc=0x0000017e00c90db8 sp=0x0000005c39af1ef0
Event: 81.839 Thread 0x0000017e13537310 DEOPT UNPACKING pc=0x0000017e07587143 sp=0x0000005c39af1370 mode 0
Event: 81.839 Thread 0x0000017e13537310 DEOPT PACKING pc=0x0000017e00c90db8 sp=0x0000005c39af1ef0
Event: 81.839 Thread 0x0000017e13537310 DEOPT UNPACKING pc=0x0000017e07587143 sp=0x0000005c39af1370 mode 0
Event: 81.840 Thread 0x0000017e13537310 DEOPT PACKING pc=0x0000017e00c90db8 sp=0x0000005c39af1ef0
Event: 81.840 Thread 0x0000017e13537310 DEOPT UNPACKING pc=0x0000017e07587143 sp=0x0000005c39af1370 mode 0
Event: 81.855 Thread 0x0000017e13537310 Uncommon trap: trap_request=0xffffff45 fr.pc=0x0000017e07d945d0 relative=0x00000000000000b0
Event: 81.855 Thread 0x0000017e13537310 Uncommon trap: reason=unstable_if action=reinterpret pc=0x0000017e07d945d0 method=java.security.CodeSource.matchCerts(Ljava/security/CodeSource;Z)Z @ 11 c2
Event: 81.855 Thread 0x0000017e13537310 DEOPT PACKING pc=0x0000017e07d945d0 sp=0x0000005c39af0db0
Event: 81.855 Thread 0x0000017e13537310 DEOPT UNPACKING pc=0x0000017e075869a3 sp=0x0000005c39af0d48 mode 2

Classes unloaded (0 events):
No events

Classes redefined (0 events):
No events

Internal exceptions (20 events):
Event: 42.550 Thread 0x0000017e13537310 Exception <a 'java/lang/NoSuchMethodError'{0x0000000084e7c1b0}: 'java.lang.Object java.lang.invoke.DirectMethodHandle$Holder.invokeStatic(java.lang.Object, java.lang.Object, java.lang.Object, java.lang.Object, java.lang.Object, java.lang.Object, java.lang.Object, java.lang.Object, java.lang.Object, java.lang.Object, java.lang.Object, java.lang.Object, java.lang.Object, java.lang.Object, java.lang.Object, java.lang.Object, java.lang.Object, java.lang.Object, java.lang.Object, java.lang.Object, java.lang.Obj
Event: 44.347 Thread 0x0000017e13537310 Exception <a 'java/lang/NoSuchMethodError'{0x00000000835f7548}: 'java.lang.Object java.lang.invoke.DirectMethodHandle$Holder.newInvokeSpecial(java.lang.Object, java.lang.Object, java.lang.Object, java.lang.Object, int, java.lang.Object)'> (0x00000000835f7548) 
thrown [s\src\hotspot\share\interpreter\linkResolver.cpp, line 771]
Event: 44.348 Thread 0x0000017e13537310 Exception <a 'java/lang/NoSuchMethodError'{0x00000000835fc8a0}: 'java.lang.Object java.lang.invoke.Invokers$Holder.linkToTargetMethod(java.lang.Object, java.lang.Object, java.lang.Object, int, java.lang.Object, java.lang.Object)'> (0x00000000835fc8a0) 
thrown [s\src\hotspot\share\interpreter\linkResolver.cpp, line 771]
Event: 53.113 Thread 0x0000017e13537310 Exception <a 'java/lang/NoSuchMethodError'{0x000000008462ee90}: 'long java.lang.invoke.DirectMethodHandle$Holder.invokeVirtual(java.lang.Object, java.lang.Object)'> (0x000000008462ee90) 
thrown [s\src\hotspot\share\interpreter\linkResolver.cpp, line 771]
Event: 53.147 Thread 0x0000017e13534070 Exception <a 'java/lang/NoSuchMethodError'{0x000000008467da58}: static Lorg/gradle/internal/build/event/types/DefaultOperationFinishedProgressEvent;.<clinit>()V> (0x000000008467da58) 
thrown [s\src\hotspot\share\prims\jni.cpp, line 1108]
Event: 53.151 Thread 0x0000017e13534070 Exception <a 'java/lang/NoSuchMethodError'{0x00000000846a8330}: static Lorg/gradle/internal/build/event/types/DefaultProjectConfigurationSuccessResult;.<clinit>()V> (0x00000000846a8330) 
thrown [s\src\hotspot\share\prims\jni.cpp, line 1108]
Event: 53.156 Thread 0x0000017e13534070 Exception <a 'java/lang/NoSuchMethodError'{0x00000000846acd10}: static Lorg/gradle/internal/build/event/types/AbstractProjectConfigurationResult;.<clinit>()V> (0x00000000846acd10) 
thrown [s\src\hotspot\share\prims\jni.cpp, line 1108]
Event: 53.156 Thread 0x0000017e13534070 Exception <a 'java/lang/NoSuchMethodError'{0x00000000846ae458}: static Lorg/gradle/internal/build/event/types/AbstractOperationResult;.<clinit>()V> (0x00000000846ae458) 
thrown [s\src\hotspot\share\prims\jni.cpp, line 1108]
Event: 53.156 Thread 0x0000017e13534070 Exception <a 'java/lang/NoSuchMethodError'{0x00000000846af8a8}: static Lorg/gradle/internal/build/event/types/AbstractResult;.<clinit>()V> (0x00000000846af8a8) 
thrown [s\src\hotspot\share\prims\jni.cpp, line 1108]
Event: 53.160 Thread 0x0000017e13534070 Exception <a 'java/lang/NoSuchMethodError'{0x00000000846c87d0}: static Lorg/gradle/internal/build/event/types/DefaultPluginApplicationResult;.<clinit>()V> (0x00000000846c87d0) 
thrown [s\src\hotspot\share\prims\jni.cpp, line 1108]
Event: 53.164 Thread 0x0000017e13534070 Exception <a 'java/lang/NoSuchMethodError'{0x0000000083b0b978}: static Lorg/gradle/internal/build/event/types/DefaultBinaryPluginIdentifier;.<clinit>()V> (0x0000000083b0b978) 
thrown [s\src\hotspot\share\prims\jni.cpp, line 1108]
Event: 53.167 Thread 0x0000017e13534070 Exception <a 'java/lang/NoSuchMethodError'{0x0000000083b36590}: static Lorg/gradle/internal/build/event/types/DefaultScriptPluginIdentifier;.<clinit>()V> (0x0000000083b36590) 
thrown [s\src\hotspot\share\prims\jni.cpp, line 1108]
Event: 53.188 Thread 0x0000017e13537310 Exception <a 'java/lang/ClassNotFoundException'{0x0000000083b7b4f0}: build_47c8an2jndh7vr4pzhj2eh54hBeanInfo> (0x0000000083b7b4f0) 
thrown [s\src\hotspot\share\classfile\systemDictionary.cpp, line 256]
Event: 53.188 Thread 0x0000017e13537310 Exception <a 'java/lang/ClassNotFoundException'{0x0000000083b820c8}: build_47c8an2jndh7vr4pzhj2eh54hCustomizer> (0x0000000083b820c8) 
thrown [s\src\hotspot\share\classfile\systemDictionary.cpp, line 256]
Event: 55.027 Thread 0x0000017e13537310 Exception <a 'java/lang/ClassNotFoundException'{0x0000000085bef4d8}: sun/misc/SharedSecrets> (0x0000000085bef4d8) 
thrown [s\src\hotspot\share\classfile\systemDictionary.cpp, line 256]
Event: 55.027 Thread 0x0000017e13537310 Exception <a 'java/lang/ClassNotFoundException'{0x0000000085bf0ab0}: org/gradle/api/internal/plugins/DefaultObjectConfigurationActionBeanInfo> (0x0000000085bf0ab0) 
thrown [s\src\hotspot\share\classfile\systemDictionary.cpp, line 256]
Event: 55.029 Thread 0x0000017e13537310 Exception <a 'java/lang/ClassNotFoundException'{0x0000000085a062e0}: org/gradle/api/internal/plugins/DefaultObjectConfigurationActionCustomizer> (0x0000000085a062e0) 
thrown [s\src\hotspot\share\classfile\systemDictionary.cpp, line 256]
Event: 80.567 Thread 0x0000017e13537310 Implicit null exception at 0x0000017e07cb0b8c to 0x0000017e07cb0cc6
Event: 81.816 Thread 0x0000017e13537310 Implicit null exception at 0x0000017e07e3e7ca to 0x0000017e07e3efc5
Event: 81.858 Thread 0x0000017e13537310 Exception <a 'sun/nio/fs/WindowsException'{0x000000008626b628}> (0x000000008626b628) 
thrown [s\src\hotspot\share\prims\jni.cpp, line 517]

VM Operations (20 events):
Event: 75.580 Executing VM operation: Cleanup done
Event: 76.592 Executing VM operation: Cleanup
Event: 76.593 Executing VM operation: Cleanup done
Event: 77.606 Executing VM operation: Cleanup
Event: 77.606 Executing VM operation: Cleanup done
Event: 77.851 Executing VM operation: G1CollectForAllocation
Event: 77.862 Executing VM operation: G1CollectForAllocation done
Event: 78.003 Executing VM operation: G1PauseRemark
Event: 78.010 Executing VM operation: G1PauseRemark done
Event: 78.083 Executing VM operation: G1PauseCleanup
Event: 78.083 Executing VM operation: G1PauseCleanup done
Event: 79.275 Executing VM operation: HandshakeAllThreads
Event: 79.275 Executing VM operation: HandshakeAllThreads done
Event: 80.940 Executing VM operation: HandshakeAllThreads
Event: 80.940 Executing VM operation: HandshakeAllThreads done
Event: 80.940 Executing VM operation: Cleanup
Event: 80.940 Executing VM operation: Cleanup done
Event: 81.746 Executing VM operation: G1TryInitiateConcMark
Event: 81.765 Executing VM operation: G1TryInitiateConcMark done
Event: 81.867 Executing VM operation: G1PauseRemark

Events (20 events):
Event: 81.499 loading class java/security/interfaces/XECKey
Event: 81.499 loading class java/security/interfaces/XECKey done
Event: 81.499 loading class sun/security/util/KeyUtil
Event: 81.679 loading class sun/security/util/KeyUtil done
Event: 81.679 loading class sun/security/util/Length
Event: 81.680 loading class sun/security/util/Length done
Event: 81.680 loading class javax/crypto/SecretKey
Event: 81.718 loading class javax/crypto/SecretKey done
Event: 81.721 loading class java/util/Base64
Event: 81.721 loading class java/util/Base64 done
Event: 81.721 loading class java/util/Base64$Decoder
Event: 81.722 loading class java/util/Base64$Decoder done
Event: 81.722 loading class java/util/Base64$Encoder
Event: 81.722 loading class java/util/Base64$Encoder done
Event: 81.725 loading class java/util/jar/JarVerifier$VerifierStream
Event: 81.726 loading class java/util/jar/JarVerifier$VerifierStream done
Event: 81.726 loading class sun/security/util/ManifestEntryVerifier$SunProviderHolder
Event: 81.726 loading class sun/security/util/ManifestEntryVerifier$SunProviderHolder done
Event: 81.856 loading class java/security/KeyStore$ProtectionParameter
Event: 81.856 loading class java/security/KeyStore$ProtectionParameter done


Dynamic libraries:
0x00007ff7a9ac0000 - 0x00007ff7a9aca000 	C:\Program Files\Android\Android Studio\jbr\bin\java.exe
0x00007ff8e08d0000 - 0x00007ff8e0ac8000 	C:\WINDOWS\SYSTEM32\ntdll.dll
0x00007ff8df280000 - 0x00007ff8df33d000 	C:\WINDOWS\System32\KERNEL32.DLL
0x00007ff8ddf90000 - 0x00007ff8de286000 	C:\WINDOWS\System32\KERNELBASE.dll
0x00007ff8de380000 - 0x00007ff8de480000 	C:\WINDOWS\System32\ucrtbase.dll
0x00007ff8cba40000 - 0x00007ff8cba5b000 	C:\Program Files\Android\Android Studio\jbr\bin\VCRUNTIME140.dll
0x00007ff8cc9f0000 - 0x00007ff8cca07000 	C:\Program Files\Android\Android Studio\jbr\bin\jli.dll
0x00007ff8df340000 - 0x00007ff8df4df000 	C:\WINDOWS\System32\USER32.dll
0x00007ff8c5e80000 - 0x00007ff8c611a000 	C:\WINDOWS\WinSxS\amd64_microsoft.windows.common-controls_6595b64144ccf1df_6.0.19041.4355_none_60b8b9eb71f62e16\COMCTL32.dll
0x00007ff8de8e0000 - 0x00007ff8de902000 	C:\WINDOWS\System32\win32u.dll
0x00007ff8df750000 - 0x00007ff8df7ee000 	C:\WINDOWS\System32\msvcrt.dll
0x00007ff8df7f0000 - 0x00007ff8df81b000 	C:\WINDOWS\System32\GDI32.dll
0x00007ff8de7c0000 - 0x00007ff8de8d7000 	C:\WINDOWS\System32\gdi32full.dll
0x00007ff8de290000 - 0x00007ff8de32d000 	C:\WINDOWS\System32\msvcp_win.dll
0x00007ff8df170000 - 0x00007ff8df19f000 	C:\WINDOWS\System32\IMM32.DLL
0x00007ff8d9ef0000 - 0x00007ff8d9efc000 	C:\Program Files\Android\Android Studio\jbr\bin\vcruntime140_1.dll
0x00007ff8bf420000 - 0x00007ff8bf4ad000 	C:\Program Files\Android\Android Studio\jbr\bin\msvcp140.dll
0x00007ff88a720000 - 0x00007ff88b3a3000 	C:\Program Files\Android\Android Studio\jbr\bin\server\jvm.dll
0x00007ff8e0740000 - 0x00007ff8e07f0000 	C:\WINDOWS\System32\ADVAPI32.dll
0x00007ff8e07f0000 - 0x00007ff8e0890000 	C:\WINDOWS\System32\sechost.dll
0x00007ff8dfb10000 - 0x00007ff8dfc33000 	C:\WINDOWS\System32\RPCRT4.dll
0x00007ff8de510000 - 0x00007ff8de537000 	C:\WINDOWS\System32\bcrypt.dll
0x00007ff8d6710000 - 0x00007ff8d6719000 	C:\WINDOWS\SYSTEM32\WSOCK32.dll
0x00007ff8cf070000 - 0x00007ff8cf097000 	C:\WINDOWS\SYSTEM32\WINMM.dll
0x00007ff8dde70000 - 0x00007ff8ddebb000 	C:\WINDOWS\SYSTEM32\POWRPROF.dll
0x00007ff8df900000 - 0x00007ff8df96b000 	C:\WINDOWS\System32\WS2_32.dll
0x00007ff8dab90000 - 0x00007ff8dab9a000 	C:\WINDOWS\SYSTEM32\VERSION.dll
0x00007ff8dde50000 - 0x00007ff8dde62000 	C:\WINDOWS\SYSTEM32\UMPDC.dll
0x00007ff8dc7f0000 - 0x00007ff8dc802000 	C:\WINDOWS\SYSTEM32\kernel.appcore.dll
0x00007ff8d6170000 - 0x00007ff8d617a000 	C:\Program Files\Android\Android Studio\jbr\bin\jimage.dll
0x00007ff8dc490000 - 0x00007ff8dc674000 	C:\WINDOWS\SYSTEM32\DBGHELP.DLL
0x00007ff8d3920000 - 0x00007ff8d3954000 	C:\WINDOWS\SYSTEM32\dbgcore.DLL
0x00007ff8de480000 - 0x00007ff8de502000 	C:\WINDOWS\System32\bcryptPrimitives.dll
0x00007ff8d4ad0000 - 0x00007ff8d4ade000 	C:\Program Files\Android\Android Studio\jbr\bin\instrument.dll
0x00007ff8cba10000 - 0x00007ff8cba35000 	C:\Program Files\Android\Android Studio\jbr\bin\java.dll
0x00007ff8cb9f0000 - 0x00007ff8cba08000 	C:\Program Files\Android\Android Studio\jbr\bin\zip.dll
0x00007ff8dfea0000 - 0x00007ff8e060c000 	C:\WINDOWS\System32\SHELL32.dll
0x00007ff8dbc30000 - 0x00007ff8dc3cd000 	C:\WINDOWS\SYSTEM32\windows.storage.dll
0x00007ff8de9a0000 - 0x00007ff8decf3000 	C:\WINDOWS\System32\combase.dll
0x00007ff8dd8e0000 - 0x00007ff8dd90e000 	C:\WINDOWS\SYSTEM32\Wldp.dll
0x00007ff8dfc40000 - 0x00007ff8dfd0d000 	C:\WINDOWS\System32\OLEAUT32.dll
0x00007ff8df690000 - 0x00007ff8df73d000 	C:\WINDOWS\System32\SHCORE.dll
0x00007ff8df830000 - 0x00007ff8df885000 	C:\WINDOWS\System32\shlwapi.dll
0x00007ff8ddec0000 - 0x00007ff8ddee4000 	C:\WINDOWS\SYSTEM32\profapi.dll
0x00007ff8c8e70000 - 0x00007ff8c8e89000 	C:\Program Files\Android\Android Studio\jbr\bin\net.dll
0x00007ff8d58a0000 - 0x00007ff8d59aa000 	C:\WINDOWS\SYSTEM32\WINHTTP.dll
0x00007ff8dd640000 - 0x00007ff8dd6aa000 	C:\WINDOWS\system32\mswsock.dll
0x00007ff8c8de0000 - 0x00007ff8c8df6000 	C:\Program Files\Android\Android Studio\jbr\bin\nio.dll
0x00007ff8d2c60000 - 0x00007ff8d2c70000 	C:\Program Files\Android\Android Studio\jbr\bin\verify.dll
0x00007ff8cc900000 - 0x00007ff8cc927000 	C:\Users\Chief\.gradle\native\c067742578af261105cb4f569cf0c3c89f3d7b1fecec35dd04571415982c5e48\windows-amd64\native-platform.dll
0x00007ff897f00000 - 0x00007ff898044000 	C:\Users\Chief\.gradle\native\38dada09dfb8b06ba9b0570ebf7e218e3eb74d4ef43ca46872605cf95ebc2f47\windows-amd64\native-platform-file-events.dll
0x00007ff8d2920000 - 0x00007ff8d2929000 	C:\Program Files\Android\Android Studio\jbr\bin\management.dll
0x00007ff8d2700000 - 0x00007ff8d270b000 	C:\Program Files\Android\Android Studio\jbr\bin\management_ext.dll
0x00007ff8df890000 - 0x00007ff8df898000 	C:\WINDOWS\System32\PSAPI.DLL
0x00007ff8dd830000 - 0x00007ff8dd848000 	C:\WINDOWS\SYSTEM32\CRYPTSP.dll
0x00007ff8dcf60000 - 0x00007ff8dcf94000 	C:\WINDOWS\system32\rsaenh.dll
0x00007ff8dddc0000 - 0x00007ff8dddee000 	C:\WINDOWS\SYSTEM32\USERENV.dll
0x00007ff8dd850000 - 0x00007ff8dd85c000 	C:\WINDOWS\SYSTEM32\CRYPTBASE.dll
0x00007ff8dd320000 - 0x00007ff8dd35b000 	C:\WINDOWS\SYSTEM32\IPHLPAPI.DLL
0x00007ff8df740000 - 0x00007ff8df748000 	C:\WINDOWS\System32\NSI.dll
0x00007ff8d5850000 - 0x00007ff8d5867000 	C:\WINDOWS\SYSTEM32\dhcpcsvc6.DLL
0x00007ff8d5b60000 - 0x00007ff8d5b7d000 	C:\WINDOWS\SYSTEM32\dhcpcsvc.DLL
0x00007ff8dd360000 - 0x00007ff8dd42a000 	C:\WINDOWS\SYSTEM32\DNSAPI.dll
0x00007ff89c160000 - 0x00007ff89c167000 	C:\WINDOWS\system32\wshunix.dll

dbghelp: loaded successfully - version: 4.0.5 - missing functions: none
symbol engine: initialized successfully - sym options: 0x614 - pdb path: .;C:\Program Files\Android\Android Studio\jbr\bin;C:\WINDOWS\SYSTEM32;C:\WINDOWS\WinSxS\amd64_microsoft.windows.common-controls_6595b64144ccf1df_6.0.19041.4355_none_60b8b9eb71f62e16;C:\Program Files\Android\Android Studio\jbr\bin\server;C:\Users\Chief\.gradle\native\c067742578af261105cb4f569cf0c3c89f3d7b1fecec35dd04571415982c5e48\windows-amd64;C:\Users\Chief\.gradle\native\38dada09dfb8b06ba9b0570ebf7e218e3eb74d4ef43ca46872605cf95ebc2f47\windows-amd64

VM Arguments:
jvm_args: --add-opens=java.base/java.util=ALL-UNNAMED --add-opens=java.base/java.lang=ALL-UNNAMED --add-opens=java.base/java.lang.invoke=ALL-UNNAMED --add-opens=java.prefs/java.util.prefs=ALL-UNNAMED --add-opens=java.base/java.nio.charset=ALL-UNNAMED --add-opens=java.base/java.net=ALL-UNNAMED --add-opens=java.base/java.util.concurrent.atomic=ALL-UNNAMED -Xmx2048m -Dfile.encoding=UTF-8 -Duser.country=US -Duser.language=en -Duser.variant -javaagent:C:\Users\Chief\.gradle\wrapper\dists\gradle-8.6-bin\afr5mpiioh2wthjmwnkmdsd5w\gradle-8.6\lib\agents\gradle-instrumentation-agent-8.6.jar 
java_command: org.gradle.launcher.daemon.bootstrap.GradleDaemon 8.6
java_class_path (initial): C:\Users\Chief\.gradle\wrapper\dists\gradle-8.6-bin\afr5mpiioh2wthjmwnkmdsd5w\gradle-8.6\lib\gradle-launcher-8.6.jar
Launcher Type: SUN_STANDARD

[Global flags]
     intx CICompilerCount                          = 3                                         {product} {ergonomic}
     uint ConcGCThreads                            = 1                                         {product} {ergonomic}
     uint G1ConcRefinementThreads                  = 4                                         {product} {ergonomic}
   size_t G1HeapRegionSize                         = 1048576                                   {product} {ergonomic}
    uintx GCDrainStackTargetSize                   = 64                                        {product} {ergonomic}
   size_t InitialHeapSize                          = 134217728                                 {product} {ergonomic}
   size_t MarkStackSize                            = 4194304                                   {product} {ergonomic}
   size_t MaxHeapSize                              = 2147483648                                {product} {command line}
   size_t MaxNewSize                               = 1287651328                                {product} {ergonomic}
   size_t MinHeapDeltaBytes                        = 1048576                                   {product} {ergonomic}
   size_t MinHeapSize                              = 8388608                                   {product} {ergonomic}
    uintx NonNMethodCodeHeapSize                   = 5832780                                {pd product} {ergonomic}
    uintx NonProfiledCodeHeapSize                  = 122912730                              {pd product} {ergonomic}
    uintx ProfiledCodeHeapSize                     = 122912730                              {pd product} {ergonomic}
    uintx ReservedCodeCacheSize                    = 251658240                              {pd product} {ergonomic}
     bool SegmentedCodeCache                       = true                                      {product} {ergonomic}
   size_t SoftMaxHeapSize                          = 2147483648                             {manageable} {ergonomic}
     bool UseCompressedClassPointers               = true                           {product lp64_product} {ergonomic}
     bool UseCompressedOops                        = true                           {product lp64_product} {ergonomic}
     bool UseG1GC                                  = true                                      {product} {ergonomic}
     bool UseLargePagesIndividualAllocation        = false                                  {pd product} {ergonomic}

Logging:
Log output configuration:
 #0: stdout all=warning uptime,level,tags
 #1: stderr all=off uptime,level,tags

Environment Variables:
PATH=C:\Program Files (x86)\Common Files\Oracle\Java\javapath;C:\WINDOWS\system32;C:\WINDOWS;C:\WINDOWS\System32\Wbem;C:\WINDOWS\System32\WindowsPowerShell\v1.0\;C:\WINDOWS\System32\OpenSSH\;C:\Program Files\dotnet\;C:\Program Files (x86)\Intel\Intel(R) Management Engine Components\DAL;C:\Program Files\Intel\Intel(R) Management Engine Components\DAL;C:\Program Files\Microsoft SQL Server\130\Tools\Binn\;C:\Program Files\Microsoft SQL Server\Client SDK\ODBC\170\Tools\Binn\;C:\Program Files\Git\cmd;C:\Users\Chief\AppData\Local\Microsoft\WindowsApps;C:\Users\Chief\.dotnet\tools
USERNAME=Chief
OS=Windows_NT
PROCESSOR_IDENTIFIER=Intel64 Family 6 Model 142 Stepping 9, GenuineIntel
TMP=C:\Users\Chief\AppData\Local\Temp
TEMP=C:\Users\Chief\AppData\Local\Temp



Periodic native trim disabled

JNI global refs:
JNI global refs: 25, weak refs: 0

JNI global refs memory usage: 843, weak refs: 841

OOME stack traces (most recent first):
Classloader memory used:
Loader org.gradle.internal.classloader.VisitableURLClassLoader                         : 3777K
Loader bootstrap                                                                       : 2691K
Loader org.gradle.initialization.MixInLegacyTypesClassLoader                           : 1195K
Loader org.gradle.internal.classloader.VisitableURLClassLoader$InstrumentingVisitableURLClassLoader: 701K
Loader jdk.internal.loader.ClassLoaders$PlatformClassLoader                            : 65559B
Loader jdk.internal.reflect.DelegatingClassLoader                                      : 30570B
Loader jdk.internal.loader.ClassLoaders$AppClassLoader                                 : 28730B
Loader org.gradle.groovy.scripts.internal.DefaultScriptCompilationHandler$ScriptClassLoader: 11242B
Loader org.gradle.internal.classloader.VisitableURLClassLoader                         : 3894B
Loader org.codehaus.groovy.runtime.callsite.CallSiteClassLoader                        : 1164B

Classes loaded by more than one classloader:
Class org.gradle.internal.installation.GradleInstallation                             : loaded 2 times (x 73B)
Class com.google.common.collect.Iterators$MergingIterator                             : loaded 2 times (x 79B)
Class [Lcom.google.common.collect.AbstractMapEntry;                                   : loaded 2 times (x 67B)
Class com.google.common.collect.SingletonImmutableList                                : loaded 2 times (x 167B)
Class com.google.common.cache.CacheLoader$SupplierToCacheLoader                       : loaded 2 times (x 73B)
Class org.gradle.internal.classpath.ClassPath                                         : loaded 2 times (x 68B)
Class com.google.common.cache.RemovalListener                                         : loaded 2 times (x 68B)
Class org.gradle.api.internal.classpath.DefaultModuleRegistry                         : loaded 2 times (x 84B)
Class com.google.common.collect.ListMultimap                                          : loaded 2 times (x 68B)
Class com.google.common.base.CharMatcher$JavaDigit                                    : loaded 2 times (x 109B)
Class com.google.common.base.CharMatcher$Digit                                        : loaded 2 times (x 110B)
Class com.google.common.collect.AbstractMultimap                                      : loaded 2 times (x 121B)
Class com.google.common.cache.CacheBuilder$OneWeigher                                 : loaded 2 times (x 80B)
Class org.gradle.api.Action                                                           : loaded 2 times (x 68B)
Class com.google.common.collect.ImmutableEntry                                        : loaded 2 times (x 80B)
Class com.google.common.collect.Lists$StringAsImmutableList                           : loaded 2 times (x 167B)
Class com.google.common.base.CharMatcher                                              : loaded 2 times (x 109B)
Class com.google.common.base.CharMatcher$IsNot                                        : loaded 2 times (x 109B)
Class com.google.common.base.Splitter                                                 : loaded 2 times (x 70B)
Class [Lcom.google.common.cache.Weigher;                                              : loaded 2 times (x 67B)
Class com.google.common.collect.Iterators$ArrayItr                                    : loaded 2 times (x 95B)
Class com.google.common.cache.LocalCache$Segment                                      : loaded 2 times (x 152B)
Class org.gradle.api.internal.DefaultClassPathProvider                                : loaded 2 times (x 74B)
Class org.gradle.internal.installation.GradleInstallation$1                           : loaded 2 times (x 73B)
Class com.google.common.base.CharMatcher$BitSetMatcher                                : loaded 2 times (x 110B)
Class com.google.common.collect.ImmutableMap$IteratorBasedImmutableMap                : loaded 2 times (x 123B)
Class com.google.common.collect.ImmutableMap                                          : loaded 2 times (x 118B)
Class com.google.common.base.Converter                                                : loaded 2 times (x 88B)
Class com.google.common.collect.ImmutableSet$EmptySetBuilderImpl                      : loaded 2 times (x 74B)
Class com.google.common.base.Equivalence                                              : loaded 2 times (x 80B)
Class com.google.common.cache.LocalCache$EntryFactory$1                               : loaded 2 times (x 81B)
Class com.google.common.cache.LocalCache$EntryFactory$2                               : loaded 2 times (x 81B)
Class com.google.common.cache.LocalCache$EntryFactory$3                               : loaded 2 times (x 81B)
Class com.google.common.cache.LocalCache$EntryFactory$4                               : loaded 2 times (x 81B)
Class com.google.common.cache.LocalCache$EntryFactory$5                               : loaded 2 times (x 81B)
Class com.google.common.cache.LocalCache$EntryFactory$6                               : loaded 2 times (x 81B)
Class com.google.common.cache.LocalCache$EntryFactory$7                               : loaded 2 times (x 81B)
Class com.google.common.cache.LocalCache$EntryFactory$8                               : loaded 2 times (x 81B)
Class com.google.common.base.Predicate                                                : loaded 2 times (x 68B)
Class org.gradle.internal.classloader.FilteringClassLoader                            : loaded 2 times (x 103B)
Class com.google.common.collect.RegularImmutableSet                                   : loaded 2 times (x 146B)
Class [Lcom.google.common.cache.LocalCache$Strength;                                  : loaded 2 times (x 67B)
Class org.gradle.internal.classpath.DefaultClassPath$ImmutableUniqueList$Builder      : loaded 2 times (x 73B)
Class com.google.common.collect.Maps$8                                                : loaded 2 times (x 80B)
Class [Lcom.google.common.cache.CacheBuilder$NullListener;                            : loaded 2 times (x 67B)
Class com.google.common.base.PatternCompiler                                          : loaded 2 times (x 68B)
Class com.google.common.base.CharMatcher$InRange                                      : loaded 2 times (x 109B)
Class com.google.common.collect.BiMap                                                 : loaded 2 times (x 68B)
Class com.google.common.collect.Lists                                                 : loaded 2 times (x 69B)
Class com.google.common.math.IntMath$1                                                : loaded 2 times (x 69B)
Class org.gradle.internal.classloader.ClassLoaderVisitor                              : loaded 2 times (x 74B)
Class com.google.common.cache.CacheBuilder$NullListener                               : loaded 2 times (x 80B)
Class com.google.common.math.MathPreconditions                                        : loaded 2 times (x 69B)
Class org.gradle.internal.service.DefaultServiceLocator                               : loaded 2 times (x 81B)
Class org.gradle.internal.service.UnknownServiceException                             : loaded 2 times (x 81B)
Class com.google.common.collect.ArrayListMultimap                                     : loaded 2 times (x 170B)
Class com.google.common.base.Strings                                                  : loaded 2 times (x 69B)
Class com.google.common.cache.CacheLoader$InvalidCacheLoadException                   : loaded 2 times (x 80B)
Class org.gradle.internal.classloader.DefaultClassLoaderFactory                       : loaded 2 times (x 80B)
Class com.google.common.collect.UnmodifiableIterator                                  : loaded 2 times (x 78B)
Class settings_6nknyhbyim2md8c59pzkjsa5r                                              : loaded 2 times (x 177B)
Class com.google.common.base.Platform$JdkPatternCompiler                              : loaded 2 times (x 73B)
Class com.google.common.cache.LocalCache$LoadingValueReference                        : loaded 2 times (x 94B)
Class com.google.common.base.CharMatcher$SingleWidth                                  : loaded 2 times (x 110B)
Class com.google.common.collect.Hashing                                               : loaded 2 times (x 69B)
Class com.google.common.base.JdkPattern                                               : loaded 2 times (x 73B)
Class com.google.common.collect.Multimap                                              : loaded 2 times (x 68B)
Class com.google.common.base.FunctionalEquivalence                                    : loaded 2 times (x 81B)
Class com.google.common.cache.LocalCache$1                                            : loaded 2 times (x 87B)
Class com.google.common.cache.LocalCache$2                                            : loaded 2 times (x 140B)
Class com.google.common.collect.RegularImmutableBiMap                                 : loaded 2 times (x 146B)
Class org.gradle.internal.classloader.VisitableURLClassLoader$Spec                    : loaded 2 times (x 72B)
Class org.gradle.api.GradleException                                                  : loaded 2 times (x 80B)
Class com.google.common.base.CharMatcher$JavaLetterOrDigit                            : loaded 2 times (x 109B)
Class org.gradle.api.internal.classpath.ModuleRegistry                                : loaded 2 times (x 68B)
Class com.google.common.collect.ForwardingObject                                      : loaded 2 times (x 70B)
Class com.google.common.cache.CacheBuilder                                            : loaded 2 times (x 70B)
Class com.google.common.collect.ImmutableCollection                                   : loaded 2 times (x 123B)
Class com.google.common.base.PairwiseEquivalence                                      : loaded 2 times (x 81B)
Class com.google.common.base.Ticker                                                   : loaded 2 times (x 70B)
Class org.gradle.api.internal.ClassPathProvider                                       : loaded 2 times (x 68B)
Class com.google.common.collect.RegularImmutableMap$Values                            : loaded 2 times (x 167B)
Class org.gradle.internal.classloader.ClasspathUtil$1                                 : loaded 2 times (x 74B)
Class com.google.common.collect.ImmutableEnumMap                                      : loaded 2 times (x 123B)
Class com.google.common.collect.ForwardingMap                                         : loaded 2 times (x 130B)
Class com.google.common.collect.ImmutableList$ReverseImmutableList                    : loaded 2 times (x 168B)
Class com.google.common.cache.AbstractCache$StatsCounter                              : loaded 2 times (x 68B)
Class com.google.common.cache.LocalCache$Strength$1                                   : loaded 2 times (x 79B)
Class com.google.common.cache.LocalCache$Strength$2                                   : loaded 2 times (x 79B)
Class com.google.common.cache.LocalCache$Strength$3                                   : loaded 2 times (x 79B)
Class org.gradle.internal.classloader.ClassLoaderFactory                              : loaded 2 times (x 68B)
Class com.google.common.collect.ObjectArrays                                          : loaded 2 times (x 69B)
Class com.google.common.collect.Iterators$10                                          : loaded 2 times (x 79B)
Class com.google.common.collect.ImmutableList                                         : loaded 2 times (x 166B)
Class org.gradle.api.internal.classpath.ManifestUtil                                  : loaded 2 times (x 69B)
Class org.gradle.api.specs.Spec                                                       : loaded 2 times (x 68B)
Class com.google.common.cache.CacheLoader$UnsupportedLoadingOperationException        : loaded 2 times (x 80B)
Class com.google.common.base.CharMatcher$Whitespace                                   : loaded 2 times (x 110B)
Class com.google.common.collect.Iterators$1                                           : loaded 2 times (x 79B)
Class com.google.common.collect.Iterators$4                                           : loaded 2 times (x 80B)
Class com.google.common.collect.RegularImmutableMap$BucketOverflowException           : loaded 2 times (x 80B)
Class com.google.common.collect.Iterators$5                                           : loaded 2 times (x 80B)
Class com.google.common.base.Equivalence$Equals                                       : loaded 2 times (x 80B)
Class com.google.common.base.Preconditions                                            : loaded 2 times (x 69B)
Class com.google.common.base.Function                                                 : loaded 2 times (x 68B)
Class com.google.common.collect.Iterators$9                                           : loaded 2 times (x 79B)
Class settings_6nknyhbyim2md8c59pzkjsa5r$_run_closure1$_closure2                      : loaded 2 times (x 137B)
Class org.gradle.internal.IoActions                                                   : loaded 2 times (x 69B)
Class com.google.common.cache.ReferenceEntry                                          : loaded 2 times (x 68B)
Class com.google.common.collect.RegularImmutableMap$KeySet                            : loaded 2 times (x 148B)
Class com.google.common.collect.CollectPreconditions                                  : loaded 2 times (x 69B)
Class com.google.common.collect.Maps                                                  : loaded 2 times (x 69B)
Class com.google.common.collect.RegularImmutableMap                                   : loaded 2 times (x 119B)
Class com.google.common.collect.AbstractIndexedListIterator                           : loaded 2 times (x 94B)
Class com.google.common.base.CharMatcher$None                                         : loaded 2 times (x 110B)
Class org.gradle.api.internal.classpath.EffectiveClassPath                            : loaded 2 times (x 88B)
Class com.google.common.collect.UnmodifiableListIterator                              : loaded 2 times (x 93B)
Class com.google.common.cache.CacheLoader$FunctionToCacheLoader                       : loaded 2 times (x 73B)
Class com.google.common.cache.CacheBuilder$1                                          : loaded 2 times (x 83B)
Class com.google.common.cache.CacheBuilder$2                                          : loaded 2 times (x 70B)
Class com.google.common.collect.ImmutableList$1                                       : loaded 2 times (x 95B)
Class com.google.common.base.Splitter$Strategy                                        : loaded 2 times (x 68B)
Class com.google.common.collect.ImmutableMapEntrySet$RegularEntrySet                  : loaded 2 times (x 149B)
Class [Lcom.google.common.cache.RemovalListener;                                      : loaded 2 times (x 67B)
Class [Lcom.google.common.collect.ImmutableMapEntry;                                  : loaded 2 times (x 67B)
Class org.gradle.internal.installation.CurrentGradleInstallation                      : loaded 2 times (x 71B)
Class org.gradle.internal.agents.InstrumentingClassLoader                             : loaded 2 times (x 68B)
Class org.gradle.internal.installation.CurrentGradleInstallationLocator               : loaded 2 times (x 69B)
Class [Lcom.google.common.cache.LocalCache$Segment;                                   : loaded 2 times (x 67B)
Class org.gradle.api.internal.classpath.Module                                        : loaded 2 times (x 68B)
Class com.google.common.base.Splitter$1$1                                             : loaded 2 times (x 84B)
Class com.google.common.collect.ImmutableSet$JdkBackedSetBuilderImpl                  : loaded 2 times (x 74B)
Class com.google.common.collect.ImmutableSet$RegularSetBuilderImpl                    : loaded 2 times (x 75B)
Class org.gradle.internal.service.CachingServiceLocator                               : loaded 2 times (x 80B)
Class [Lcom.google.common.collect.ImmutableEntry;                                     : loaded 2 times (x 67B)
Class org.gradle.internal.classpath.DefaultClassPath                                  : loaded 2 times (x 88B)
Class com.google.common.base.Splitter$SplittingIterator                               : loaded 2 times (x 82B)
Class com.google.common.cache.LocalCache$LocalManualCache$1                           : loaded 2 times (x 73B)
Class [Lcom.google.common.cache.LocalCache$EntryFactory;                              : loaded 2 times (x 67B)
Class com.google.common.base.CharMatcher$Is                                           : loaded 2 times (x 109B)
Class com.google.common.base.Platform                                                 : loaded 2 times (x 69B)
Class com.google.common.collect.RegularImmutableAsList                                : loaded 2 times (x 176B)
Class com.google.common.collect.PeekingIterator                                       : loaded 2 times (x 68B)
Class com.google.common.collect.ImmutableMapEntrySet                                  : loaded 2 times (x 149B)
Class com.google.common.cache.CacheLoader                                             : loaded 2 times (x 72B)
Class com.google.common.collect.ImmutableBiMapFauxverideShim                          : loaded 2 times (x 118B)
Class com.google.common.cache.Cache                                                   : loaded 2 times (x 68B)
Class org.gradle.internal.classloader.SystemClassLoaderSpec                           : loaded 2 times (x 69B)
Class com.google.common.collect.SingletonImmutableSet                                 : loaded 2 times (x 144B)
Class [Lcom.google.common.base.AbstractIterator$State;                                : loaded 2 times (x 67B)
Class com.google.common.collect.ImmutableMap$Builder                                  : loaded 2 times (x 80B)
Class com.google.common.base.AbstractIterator                                         : loaded 2 times (x 78B)
Class com.google.common.base.AbstractIterator$1                                       : loaded 2 times (x 69B)
Class [Lcom.google.common.cache.CacheBuilder$OneWeigher;                              : loaded 2 times (x 67B)
Class com.google.common.collect.Iterators                                             : loaded 2 times (x 69B)
Class com.google.common.base.CharMatcher$Ascii                                        : loaded 2 times (x 110B)
Class com.google.common.base.CharMatcher$1                                            : loaded 2 times (x 111B)
Class com.google.common.cache.LocalCache$ComputingValueReference                      : loaded 2 times (x 94B)
Class org.gradle.api.UncheckedIOException                                             : loaded 2 times (x 80B)
Class com.google.common.base.CharMatcher$And                                          : loaded 2 times (x 110B)
Class settings_6nknyhbyim2md8c59pzkjsa5r$_run_closure1                                : loaded 2 times (x 137B)
Class com.google.common.collect.IndexedImmutableSet                                   : loaded 2 times (x 148B)
Class com.google.common.collect.AbstractListMultimap                                  : loaded 2 times (x 170B)
Class com.google.common.base.CharMatcher$Any                                          : loaded 2 times (x 110B)
Class com.google.common.cache.LocalCache$Strength                                     : loaded 2 times (x 79B)
Class com.google.common.collect.ArrayListMultimapGwtSerializationDependencies         : loaded 2 times (x 170B)
Class com.google.common.base.CharMatcher$RangesMatcher                                : loaded 2 times (x 110B)
Class com.google.common.collect.ImmutableList$SubList                                 : loaded 2 times (x 168B)
Class com.google.common.cache.LocalCache$ValueReference                               : loaded 2 times (x 68B)
Class org.gradle.internal.classloader.ClasspathUtil                                   : loaded 2 times (x 69B)
Class com.google.common.base.Splitter$1                                               : loaded 2 times (x 75B)
Class com.google.common.base.Ticker$1                                                 : loaded 2 times (x 70B)
Class com.google.common.collect.Maps$BiMapConverter                                   : loaded 2 times (x 88B)
Class org.gradle.api.internal.DefaultClassPathRegistry                                : loaded 2 times (x 74B)
Class com.google.common.collect.ImmutableSet$SetBuilderImpl                           : loaded 2 times (x 74B)
Class org.gradle.api.internal.classpath.DefaultModuleRegistry$DefaultModule           : loaded 2 times (x 84B)
Class com.google.common.base.CharMatcher$JavaIsoControl                               : loaded 2 times (x 110B)
Class com.google.common.collect.ImmutableMap$1                                        : loaded 2 times (x 79B)
Class com.google.common.base.CharMatcher$Or                                           : loaded 2 times (x 110B)
Class com.google.common.base.Suppliers$SupplierOfInstance                             : loaded 2 times (x 77B)
Class com.google.common.collect.Iterables                                             : loaded 2 times (x 69B)
Class com.google.common.base.CharMatcher$JavaLowerCase                                : loaded 2 times (x 109B)
Class org.gradle.api.internal.classpath.UnknownModuleException                        : loaded 2 times (x 80B)
Class com.google.common.collect.Maps$EntryTransformer                                 : loaded 2 times (x 68B)
Class com.google.common.collect.ImmutableCollection$Builder                           : loaded 2 times (x 74B)
Class com.google.common.collect.SingletonImmutableBiMap                               : loaded 2 times (x 141B)
Class com.google.common.base.CommonPattern                                            : loaded 2 times (x 72B)
Class com.google.common.base.Suppliers                                                : loaded 2 times (x 69B)
Class com.google.common.cache.LoadingCache                                            : loaded 2 times (x 68B)
Class org.gradle.internal.service.ServiceLookupException                              : loaded 2 times (x 80B)
Class org.gradle.cache.GlobalCache                                                    : loaded 2 times (x 68B)
Class com.google.common.base.CharMatcher$NegatedFastMatcher                           : loaded 2 times (x 111B)
Class [Lorg.gradle.api.internal.ClassPathProvider;                                    : loaded 2 times (x 67B)
Class org.gradle.util.internal.GUtil                                                  : loaded 2 times (x 69B)
Class com.google.common.math.IntMath                                                  : loaded 2 times (x 69B)
Class com.google.common.collect.AbstractIterator                                      : loaded 2 times (x 80B)
Class org.gradle.internal.classloader.ClassLoaderSpec                                 : loaded 2 times (x 69B)
Class com.google.common.base.NullnessCasts                                            : loaded 2 times (x 69B)
Class com.google.common.cache.LocalCache$LocalManualCache                             : loaded 2 times (x 97B)
Class com.google.common.collect.AbstractMapEntry                                      : loaded 2 times (x 79B)
Class com.google.common.base.CharMatcher$Negated                                      : loaded 2 times (x 111B)
Class com.google.common.cache.CacheLoader$1                                           : loaded 2 times (x 73B)
Class com.google.common.collect.ImmutableSet$Builder                                  : loaded 2 times (x 83B)
Class com.google.common.base.CharMatcher$ForPredicate                                 : loaded 2 times (x 110B)
Class com.google.common.collect.ImmutableMap$MapViewOfValuesAsSingletonSets           : loaded 2 times (x 123B)
Class com.google.common.base.MoreObjects                                              : loaded 2 times (x 69B)
Class com.google.common.collect.SortedMapDifference                                   : loaded 2 times (x 68B)
Class com.google.common.cache.CacheStats                                              : loaded 2 times (x 69B)
Class org.gradle.internal.classloader.VisitableURLClassLoader                         : loaded 2 times (x 115B)
Class com.google.common.cache.LocalCache$LocalLoadingCache                            : loaded 2 times (x 132B)
Class com.google.common.base.Supplier                                                 : loaded 2 times (x 68B)
Class com.google.common.collect.ImmutableBiMap                                        : loaded 2 times (x 141B)
Class org.gradle.internal.Cast                                                        : loaded 2 times (x 69B)
Class org.gradle.api.internal.ClassPathRegistry                                       : loaded 2 times (x 68B)
Class com.google.common.cache.LocalCache$EntryFactory                                 : loaded 2 times (x 81B)
Class com.google.common.util.concurrent.UncheckedExecutionException                   : loaded 2 times (x 80B)
Class com.google.common.collect.ImmutableSet                                          : loaded 2 times (x 143B)
Class org.gradle.internal.classloader.VisitableURLClassLoader$InstrumentingVisitableURLClassLoader: loaded 2 times (x 121B)
Class org.gradle.internal.classloader.ClassLoaderHierarchy                            : loaded 2 times (x 68B)
Class com.google.common.base.AbstractIterator$State                                   : loaded 2 times (x 77B)
Class com.google.common.cache.Weigher                                                 : loaded 2 times (x 68B)
Class com.google.common.base.CharMatcher$NamedFastMatcher                             : loaded 2 times (x 110B)
Class org.gradle.internal.InternalTransformer                                         : loaded 2 times (x 68B)
Class org.gradle.internal.service.ServiceLocator                                      : loaded 2 times (x 68B)
Class com.google.common.collect.ImmutableMapEntry                                     : loaded 2 times (x 83B)
Class com.google.common.base.CharMatcher$Invisible                                    : loaded 2 times (x 110B)
Class com.google.common.base.CharMatcher$FastMatcher                                  : loaded 2 times (x 109B)
Class org.gradle.internal.classpath.DefaultClassPath$ImmutableUniqueList              : loaded 2 times (x 159B)
Class com.google.common.base.CharMatcher$JavaLetter                                   : loaded 2 times (x 109B)
Class org.gradle.internal.classpath.TransformedClassPath                              : loaded 2 times (x 94B)
Class com.google.common.collect.MapDifference                                         : loaded 2 times (x 68B)
Class com.google.common.collect.Platform                                              : loaded 2 times (x 69B)
Class com.google.common.collect.ImmutableAsList                                       : loaded 2 times (x 169B)
Class com.google.common.util.concurrent.ExecutionError                                : loaded 2 times (x 80B)
Class com.google.common.base.Equivalence$Identity                                     : loaded 2 times (x 80B)
Class com.google.common.base.CharMatcher$AnyOf                                        : loaded 2 times (x 110B)
Class com.google.common.base.CharMatcher$IsEither                                     : loaded 2 times (x 109B)
Class com.google.common.cache.LocalCache                                              : loaded 2 times (x 185B)
Class com.google.common.collect.RegularImmutableList                                  : loaded 2 times (x 172B)
Class com.google.common.base.CharMatcher$JavaUpperCase                                : loaded 2 times (x 109B)
Class com.google.common.collect.Multiset                                              : loaded 2 times (x 68B)
Class com.google.common.collect.ImmutableSet$CachingAsList                            : loaded 2 times (x 145B)
Class com.google.common.collect.ImmutableMapEntry$NonTerminalImmutableMapEntry        : loaded 2 times (x 83B)
Class com.google.common.collect.AbstractMapBasedMultimap                              : loaded 2 times (x 137B)


---------------  S Y S T E M  ---------------

OS:
 Windows 10 , 64 bit Build 19041 (10.0.19041.3636)
OS uptime: 8 days 17:01 hours

CPU: total 4 (initial active 4) (2 cores per cpu, 2 threads per core) family 6 model 142 stepping 9 microcode 0xf0, cx8, cmov, fxsr, ht, mmx, 3dnowpref, sse, sse2, sse3, ssse3, sse4.1, sse4.2, popcnt, lzcnt, tsc, tscinvbit, avx, avx2, aes, erms, clmul, bmi1, bmi2, adx, fma, vzeroupper, clflush, clflushopt
Processor Information for all 4 processors :
  Max Mhz: 2701, Current Mhz: 400, Mhz Limit: 2701

Memory: 4k page, system-wide physical 8073M (86M free)
TotalPageFile size 13180M (AvailPageFile size 0M)
current process WorkingSet (physical memory assigned to process): 246M, peak: 256M
current process commit charge ("private bytes"): 330M, peak: 338M

vm_info: OpenJDK 64-Bit Server VM (17.0.9+0--11185874) for windows-amd64 JRE (17.0.9+0--11185874), built on Dec  6 2023 18:57:44 by "androidbuild" with MS VC++ 16.10 / 16.11 (VS2019)

END.
